mode: atomic
github.com/redis/go-redis/v9/internal/arg.go:11.48,12.23 1 0
github.com/redis/go-redis/v9/internal/arg.go:13.11,14.31 1 0
github.com/redis/go-redis/v9/internal/arg.go:15.14,16.52 1 0
github.com/redis/go-redis/v9/internal/arg.go:17.14,18.32 1 0
github.com/redis/go-redis/v9/internal/arg.go:19.11,20.44 1 0
github.com/redis/go-redis/v9/internal/arg.go:21.12,22.44 1 0
github.com/redis/go-redis/v9/internal/arg.go:23.13,24.44 1 0
github.com/redis/go-redis/v9/internal/arg.go:25.13,26.44 1 0
github.com/redis/go-redis/v9/internal/arg.go:27.13,28.37 1 0
github.com/redis/go-redis/v9/internal/arg.go:29.12,30.46 1 0
github.com/redis/go-redis/v9/internal/arg.go:31.13,32.46 1 0
github.com/redis/go-redis/v9/internal/arg.go:33.14,34.46 1 0
github.com/redis/go-redis/v9/internal/arg.go:35.14,36.46 1 0
github.com/redis/go-redis/v9/internal/arg.go:37.14,38.38 1 0
github.com/redis/go-redis/v9/internal/arg.go:39.15,40.57 1 0
github.com/redis/go-redis/v9/internal/arg.go:41.15,42.48 1 0
github.com/redis/go-redis/v9/internal/arg.go:43.12,44.8 1 0
github.com/redis/go-redis/v9/internal/arg.go:44.8,46.4 1 0
github.com/redis/go-redis/v9/internal/arg.go:47.3,47.31 1 0
github.com/redis/go-redis/v9/internal/arg.go:48.17,49.45 1 0
github.com/redis/go-redis/v9/internal/arg.go:50.10,51.37 1 0
github.com/redis/go-redis/v9/internal/arg.go:55.54,58.2 2 0
github.com/redis/go-redis/v9/internal/internal.go:9.82,10.15 1 17
github.com/redis/go-redis/v9/internal/internal.go:10.15,11.23 1 0
github.com/redis/go-redis/v9/internal/internal.go:13.2,13.21 1 17
github.com/redis/go-redis/v9/internal/internal.go:13.21,15.3 1 0
github.com/redis/go-redis/v9/internal/internal.go:17.2,18.20 2 17
github.com/redis/go-redis/v9/internal/internal.go:18.20,20.3 1 0
github.com/redis/go-redis/v9/internal/internal.go:22.2,24.38 2 17
github.com/redis/go-redis/v9/internal/internal.go:24.38,26.3 1 5
github.com/redis/go-redis/v9/internal/internal.go:28.2,28.10 1 17
github.com/redis/go-redis/v9/internal/log.go:18.79,20.2 1 0
github.com/redis/go-redis/v9/internal/once.go:48.41,49.37 1 0
github.com/redis/go-redis/v9/internal/once.go:49.37,51.3 1 0
github.com/redis/go-redis/v9/internal/once.go:53.2,56.17 4 0
github.com/redis/go-redis/v9/internal/once.go:56.17,58.17 2 0
github.com/redis/go-redis/v9/internal/once.go:58.17,60.4 1 0
github.com/redis/go-redis/v9/internal/once.go:62.2,62.12 1 0
github.com/redis/go-redis/v9/internal/util.go:13.58,17.9 3 0
github.com/redis/go-redis/v9/internal/util.go:18.13,19.13 1 0
github.com/redis/go-redis/v9/internal/util.go:20.20,21.19 1 0
github.com/redis/go-redis/v9/internal/util.go:25.31,26.16 1 0
github.com/redis/go-redis/v9/internal/util.go:26.16,28.3 1 0
github.com/redis/go-redis/v9/internal/util.go:30.2,31.19 2 0
github.com/redis/go-redis/v9/internal/util.go:31.19,33.27 2 0
github.com/redis/go-redis/v9/internal/util.go:33.27,35.4 1 0
github.com/redis/go-redis/v9/internal/util.go:36.3,36.11 1 0
github.com/redis/go-redis/v9/internal/util.go:38.2,38.30 1 0
github.com/redis/go-redis/v9/internal/util.go:41.29,42.30 1 0
github.com/redis/go-redis/v9/internal/util.go:42.30,44.27 2 0
github.com/redis/go-redis/v9/internal/util.go:44.27,46.4 1 0
github.com/redis/go-redis/v9/internal/util.go:48.2,48.13 1 0
github.com/redis/go-redis/v9/internal/util.go:51.37,57.25 3 0
github.com/redis/go-redis/v9/internal/util.go:57.25,58.18 1 0
github.com/redis/go-redis/v9/internal/util.go:58.18,61.4 1 0
github.com/redis/go-redis/v9/internal/util.go:61.9,64.4 1 0
github.com/redis/go-redis/v9/internal/util.go:67.2,67.25 1 0
github.com/redis/go-redis/v9/internal/util.go:70.34,72.15 2 0
github.com/redis/go-redis/v9/internal/util.go:72.15,74.3 1 0
github.com/redis/go-redis/v9/internal/util.go:76.2,76.40 1 0
github.com/redis/go-redis/v9/internal/util.go:76.40,78.3 1 0
github.com/redis/go-redis/v9/internal/util.go:80.2,80.20 1 0
github.com/redis/go-redis/v9/internal/util.go:80.20,82.3 1 0
github.com/redis/go-redis/v9/internal/util.go:83.2,83.51 1 0
github.com/redis/go-redis/v9/internal/util.go:86.37,87.25 1 0
github.com/redis/go-redis/v9/internal/util.go:88.11,89.11 1 0
github.com/redis/go-redis/v9/internal/util.go:90.13,91.16 1 0
github.com/redis/go-redis/v9/internal/util.go:92.14,94.11 2 0
github.com/redis/go-redis/v9/internal/util.go:95.10,96.11 1 0
github.com/redis/go-redis/v9/internal/util.go:100.39,101.25 1 0
github.com/redis/go-redis/v9/internal/util.go:102.15,103.11 1 0
github.com/redis/go-redis/v9/internal/util.go:104.14,106.11 2 0
github.com/redis/go-redis/v9/internal/util.go:107.10,108.13 1 0
github.com/redis/go-redis/v9/internal/util.go:112.39,113.33 1 0
github.com/redis/go-redis/v9/internal/util.go:113.33,115.3 1 0
github.com/redis/go-redis/v9/internal/util.go:116.2,116.11 1 0
github.com/redis/go-redis/v9/internal/util.go:119.46,120.40 1 0
github.com/redis/go-redis/v9/internal/util.go:120.40,122.25 2 0
github.com/redis/go-redis/v9/internal/util.go:122.25,124.4 1 0
github.com/redis/go-redis/v9/internal/util.go:125.3,125.16 1 0
github.com/redis/go-redis/v9/internal/util.go:127.2,127.12 1 0
github.com/redis/go-redis/v9/internal/rand/rand.go:9.16,9.39 1 0
github.com/redis/go-redis/v9/internal/rand/rand.go:13.22,13.47 1 0
github.com/redis/go-redis/v9/internal/rand/rand.go:17.28,17.55 1 17
github.com/redis/go-redis/v9/internal/rand/rand.go:20.24,20.49 1 0
github.com/redis/go-redis/v9/internal/rand/rand.go:25.20,25.38 1 0
github.com/redis/go-redis/v9/internal/rand/rand.go:34.32,39.2 4 17
github.com/redis/go-redis/v9/internal/rand/rand.go:41.35,45.2 3 0
github.com/redis/go-redis/v9/internal/rand/rand.go:50.42,50.69 1 0
github.com/redis/go-redis/v9/internal/util/strconv.go:5.34,7.2 1 0
github.com/redis/go-redis/v9/internal/util/strconv.go:9.63,11.2 1 0
github.com/redis/go-redis/v9/internal/util/strconv.go:13.65,15.2 1 0
github.com/redis/go-redis/v9/internal/util/strconv.go:17.57,19.2 1 0
github.com/redis/go-redis/v9/internal/util/type.go:3.27,5.2 1 0
github.com/redis/go-redis/v9/internal/util/unsafe.go:10.37,12.2 1 0
github.com/redis/go-redis/v9/internal/util/unsafe.go:15.37,22.2 1 0
github.com/redis/go-redis/v9/internal/hashtag/hashtag.go:50.29,51.46 1 15
github.com/redis/go-redis/v9/internal/hashtag/hashtag.go:51.46,52.52 1 10
github.com/redis/go-redis/v9/internal/hashtag/hashtag.go:52.52,54.4 1 6
github.com/redis/go-redis/v9/internal/hashtag/hashtag.go:56.2,56.12 1 9
github.com/redis/go-redis/v9/internal/hashtag/hashtag.go:59.23,61.2 1 2
github.com/redis/go-redis/v9/internal/hashtag/hashtag.go:65.27,66.15 1 17
github.com/redis/go-redis/v9/internal/hashtag/hashtag.go:66.15,68.3 1 2
github.com/redis/go-redis/v9/internal/hashtag/hashtag.go:69.2,70.40 2 15
github.com/redis/go-redis/v9/internal/hashtag/hashtag.go:73.40,74.32 1 17
github.com/redis/go-redis/v9/internal/hashtag/hashtag.go:74.32,76.3 1 104
github.com/redis/go-redis/v9/internal/hashtag/hashtag.go:77.2,77.8 1 17
github.com/redis/go-redis/v9/internal/rand/rand.go:9.16,9.39 1 0
github.com/redis/go-redis/v9/internal/rand/rand.go:13.22,13.47 1 2
github.com/redis/go-redis/v9/internal/rand/rand.go:17.28,17.55 1 0
github.com/redis/go-redis/v9/internal/rand/rand.go:20.24,20.49 1 0
github.com/redis/go-redis/v9/internal/rand/rand.go:25.20,25.38 1 1
github.com/redis/go-redis/v9/internal/rand/rand.go:34.32,39.2 4 2
github.com/redis/go-redis/v9/internal/rand/rand.go:41.35,45.2 3 1
github.com/redis/go-redis/v9/internal/rand/rand.go:50.42,50.69 1 0
github.com/redis/go-redis/v9/internal/hscan/hscan.go:55.51,59.42 2 29
github.com/redis/go-redis/v9/internal/hscan/hscan.go:59.42,61.3 1 2
github.com/redis/go-redis/v9/internal/hscan/hscan.go:63.2,64.32 2 27
github.com/redis/go-redis/v9/internal/hscan/hscan.go:64.32,66.3 1 1
github.com/redis/go-redis/v9/internal/hscan/hscan.go:68.2,71.8 1 26
github.com/redis/go-redis/v9/internal/hscan/hscan.go:76.74,77.28 1 32
github.com/redis/go-redis/v9/internal/hscan/hscan.go:77.28,79.3 1 3
github.com/redis/go-redis/v9/internal/hscan/hscan.go:81.2,82.16 2 29
github.com/redis/go-redis/v9/internal/hscan/hscan.go:82.16,84.3 1 3
github.com/redis/go-redis/v9/internal/hscan/hscan.go:87.2,87.33 1 26
github.com/redis/go-redis/v9/internal/hscan/hscan.go:87.33,89.10 2 57
github.com/redis/go-redis/v9/internal/hscan/hscan.go:89.10,90.12 1 0
github.com/redis/go-redis/v9/internal/hscan/hscan.go:93.3,94.10 2 57
github.com/redis/go-redis/v9/internal/hscan/hscan.go:94.10,95.12 1 0
github.com/redis/go-redis/v9/internal/hscan/hscan.go:98.3,98.46 1 57
github.com/redis/go-redis/v9/internal/hscan/hscan.go:98.46,100.4 1 17
github.com/redis/go-redis/v9/internal/hscan/hscan.go:103.2,103.12 1 9
github.com/redis/go-redis/v9/internal/hscan/hscan.go:106.50,108.16 2 7
github.com/redis/go-redis/v9/internal/hscan/hscan.go:108.16,110.3 1 3
github.com/redis/go-redis/v9/internal/hscan/hscan.go:111.2,112.12 2 4
github.com/redis/go-redis/v9/internal/hscan/hscan.go:115.50,117.2 1 2
github.com/redis/go-redis/v9/internal/hscan/hscan.go:119.51,121.2 1 2
github.com/redis/go-redis/v9/internal/hscan/hscan.go:123.51,125.2 1 2
github.com/redis/go-redis/v9/internal/hscan/hscan.go:127.51,129.2 1 3
github.com/redis/go-redis/v9/internal/hscan/hscan.go:131.49,133.2 1 3
github.com/redis/go-redis/v9/internal/hscan/hscan.go:135.65,137.16 2 12
github.com/redis/go-redis/v9/internal/hscan/hscan.go:137.16,139.3 1 5
github.com/redis/go-redis/v9/internal/hscan/hscan.go:140.2,141.12 2 7
github.com/redis/go-redis/v9/internal/hscan/hscan.go:144.51,146.2 1 2
github.com/redis/go-redis/v9/internal/hscan/hscan.go:148.52,150.2 1 2
github.com/redis/go-redis/v9/internal/hscan/hscan.go:152.52,154.2 1 2
github.com/redis/go-redis/v9/internal/hscan/hscan.go:156.52,158.2 1 3
github.com/redis/go-redis/v9/internal/hscan/hscan.go:160.50,162.2 1 4
github.com/redis/go-redis/v9/internal/hscan/hscan.go:164.73,166.16 2 13
github.com/redis/go-redis/v9/internal/hscan/hscan.go:166.16,168.3 1 6
github.com/redis/go-redis/v9/internal/hscan/hscan.go:169.2,170.12 2 7
github.com/redis/go-redis/v9/internal/hscan/hscan.go:173.53,175.16 2 6
github.com/redis/go-redis/v9/internal/hscan/hscan.go:175.16,177.3 1 2
github.com/redis/go-redis/v9/internal/hscan/hscan.go:178.2,179.12 2 4
github.com/redis/go-redis/v9/internal/hscan/hscan.go:183.53,185.16 2 3
github.com/redis/go-redis/v9/internal/hscan/hscan.go:185.16,187.3 1 1
github.com/redis/go-redis/v9/internal/hscan/hscan.go:188.2,189.12 2 2
github.com/redis/go-redis/v9/internal/hscan/hscan.go:192.52,195.2 2 5
github.com/redis/go-redis/v9/internal/hscan/hscan.go:197.51,199.45 1 2
github.com/redis/go-redis/v9/internal/hscan/hscan.go:199.45,201.3 1 2
github.com/redis/go-redis/v9/internal/hscan/hscan.go:202.2,202.12 1 2
github.com/redis/go-redis/v9/internal/hscan/hscan.go:205.57,207.2 1 0
github.com/redis/go-redis/v9/internal/hscan/structmap.go:19.32,21.2 1 1
github.com/redis/go-redis/v9/internal/hscan/structmap.go:23.53,24.30 1 26
github.com/redis/go-redis/v9/internal/hscan/structmap.go:24.30,26.3 1 22
github.com/redis/go-redis/v9/internal/hscan/structmap.go:28.2,30.13 3 4
github.com/redis/go-redis/v9/internal/hscan/structmap.go:40.55,42.2 1 25
github.com/redis/go-redis/v9/internal/hscan/structmap.go:44.65,50.32 3 4
github.com/redis/go-redis/v9/internal/hscan/structmap.go:50.32,54.30 3 27
github.com/redis/go-redis/v9/internal/hscan/structmap.go:54.30,55.12 1 2
github.com/redis/go-redis/v9/internal/hscan/structmap.go:58.3,59.16 2 25
github.com/redis/go-redis/v9/internal/hscan/structmap.go:59.16,60.12 1 0
github.com/redis/go-redis/v9/internal/hscan/structmap.go:64.3,65.30 2 25
github.com/redis/go-redis/v9/internal/hscan/structmap.go:65.30,67.4 1 2
github.com/redis/go-redis/v9/internal/hscan/structmap.go:68.3,68.59 1 25
github.com/redis/go-redis/v9/internal/hscan/structmap.go:71.2,71.12 1 4
github.com/redis/go-redis/v9/internal/hscan/structmap.go:89.59,91.9 2 57
github.com/redis/go-redis/v9/internal/hscan/structmap.go:91.9,93.3 1 7
github.com/redis/go-redis/v9/internal/hscan/structmap.go:95.2,98.24 3 50
github.com/redis/go-redis/v9/internal/hscan/structmap.go:98.24,100.3 1 2
github.com/redis/go-redis/v9/internal/hscan/structmap.go:101.2,101.52 1 50
github.com/redis/go-redis/v9/internal/hscan/structmap.go:101.52,104.3 2 46
github.com/redis/go-redis/v9/internal/hscan/structmap.go:106.2,106.59 1 50
github.com/redis/go-redis/v9/internal/hscan/structmap.go:106.59,107.39 1 2
github.com/redis/go-redis/v9/internal/hscan/structmap.go:108.16,109.32 1 1
github.com/redis/go-redis/v9/internal/hscan/structmap.go:110.33,111.56 1 1
github.com/redis/go-redis/v9/internal/hscan/structmap.go:115.2,115.11 1 48
github.com/redis/go-redis/v9/internal/hscan/structmap.go:115.11,117.3 1 46
github.com/redis/go-redis/v9/internal/hscan/structmap.go:119.2,119.43 1 48
github.com/redis/go-redis/v9/internal/hscan/structmap.go:119.43,123.3 2 17
github.com/redis/go-redis/v9/internal/hscan/structmap.go:124.2,124.12 1 31
github.com/redis/go-redis/v9/internal/util/strconv.go:5.34,7.2 1 0
github.com/redis/go-redis/v9/internal/util/strconv.go:9.63,11.2 1 0
github.com/redis/go-redis/v9/internal/util/strconv.go:13.65,15.2 1 0
github.com/redis/go-redis/v9/internal/util/strconv.go:17.57,19.2 1 0
github.com/redis/go-redis/v9/internal/util/type.go:3.27,5.2 1 2
github.com/redis/go-redis/v9/internal/util/unsafe.go:10.37,12.2 1 0
github.com/redis/go-redis/v9/internal/util/unsafe.go:15.37,22.2 1 1
github.com/redis/go-redis/v9/internal/proto/reader.go:45.36,45.56 1 0
github.com/redis/go-redis/v9/internal/proto/reader.go:47.33,47.34 0 0
github.com/redis/go-redis/v9/internal/proto/reader.go:49.41,51.2 1 0
github.com/redis/go-redis/v9/internal/proto/reader.go:59.38,63.2 1 1
github.com/redis/go-redis/v9/internal/proto/reader.go:65.33,67.2 1 0
github.com/redis/go-redis/v9/internal/proto/reader.go:69.46,71.2 1 0
github.com/redis/go-redis/v9/internal/proto/reader.go:73.38,75.2 1 0
github.com/redis/go-redis/v9/internal/proto/reader.go:79.48,81.16 2 0
github.com/redis/go-redis/v9/internal/proto/reader.go:81.16,83.3 1 0
github.com/redis/go-redis/v9/internal/proto/reader.go:84.2,84.22 1 0
github.com/redis/go-redis/v9/internal/proto/reader.go:84.22,85.40 1 0
github.com/redis/go-redis/v9/internal/proto/reader.go:85.40,87.4 1 0
github.com/redis/go-redis/v9/internal/proto/reader.go:88.3,88.27 1 0
github.com/redis/go-redis/v9/internal/proto/reader.go:90.2,90.18 1 0
github.com/redis/go-redis/v9/internal/proto/reader.go:95.45,97.16 2 1
github.com/redis/go-redis/v9/internal/proto/reader.go:97.16,99.3 1 0
github.com/redis/go-redis/v9/internal/proto/reader.go:100.2,100.17 1 1
github.com/redis/go-redis/v9/internal/proto/reader.go:101.17,102.36 1 0
github.com/redis/go-redis/v9/internal/proto/reader.go:103.15,104.18 1 0
github.com/redis/go-redis/v9/internal/proto/reader.go:105.21,108.17 3 0
github.com/redis/go-redis/v9/internal/proto/reader.go:108.17,110.4 1 0
github.com/redis/go-redis/v9/internal/proto/reader.go:111.3,111.18 1 0
github.com/redis/go-redis/v9/internal/proto/reader.go:112.16,113.40 1 0
github.com/redis/go-redis/v9/internal/proto/reader.go:113.40,115.4 1 0
github.com/redis/go-redis/v9/internal/proto/reader.go:116.3,116.22 1 0
github.com/redis/go-redis/v9/internal/proto/reader.go:120.2,120.22 1 1
github.com/redis/go-redis/v9/internal/proto/reader.go:120.22,122.3 1 0
github.com/redis/go-redis/v9/internal/proto/reader.go:124.2,124.18 1 1
github.com/redis/go-redis/v9/internal/proto/reader.go:130.45,132.16 2 1
github.com/redis/go-redis/v9/internal/proto/reader.go:132.16,133.33 1 1
github.com/redis/go-redis/v9/internal/proto/reader.go:133.33,135.4 1 0
github.com/redis/go-redis/v9/internal/proto/reader.go:137.3,141.17 4 1
github.com/redis/go-redis/v9/internal/proto/reader.go:141.17,143.4 1 0
github.com/redis/go-redis/v9/internal/proto/reader.go:145.3,146.11 2 1
github.com/redis/go-redis/v9/internal/proto/reader.go:148.2,148.63 1 1
github.com/redis/go-redis/v9/internal/proto/reader.go:148.63,150.3 1 0
github.com/redis/go-redis/v9/internal/proto/reader.go:151.2,151.26 1 1
github.com/redis/go-redis/v9/internal/proto/reader.go:154.51,156.16 2 0
github.com/redis/go-redis/v9/internal/proto/reader.go:156.16,158.3 1 0
github.com/redis/go-redis/v9/internal/proto/reader.go:160.2,160.17 1 0
github.com/redis/go-redis/v9/internal/proto/reader.go:161.18,162.31 1 0
github.com/redis/go-redis/v9/internal/proto/reader.go:163.15,164.41 1 0
github.com/redis/go-redis/v9/internal/proto/reader.go:165.17,166.27 1 0
github.com/redis/go-redis/v9/internal/proto/reader.go:167.16,168.26 1 0
github.com/redis/go-redis/v9/internal/proto/reader.go:169.18,170.28 1 0
github.com/redis/go-redis/v9/internal/proto/reader.go:172.18,173.33 1 0
github.com/redis/go-redis/v9/internal/proto/reader.go:174.20,175.26 1 0
github.com/redis/go-redis/v9/internal/proto/reader.go:177.36,178.27 1 0
github.com/redis/go-redis/v9/internal/proto/reader.go:179.15,180.25 1 0
github.com/redis/go-redis/v9/internal/proto/reader.go:182.2,182.59 1 0
github.com/redis/go-redis/v9/internal/proto/reader.go:185.58,187.26 2 0
github.com/redis/go-redis/v9/internal/proto/reader.go:188.13,189.26 1 0
github.com/redis/go-redis/v9/internal/proto/reader.go:190.14,191.27 1 0
github.com/redis/go-redis/v9/internal/proto/reader.go:192.21,193.25 1 0
github.com/redis/go-redis/v9/internal/proto/reader.go:195.2,195.34 1 0
github.com/redis/go-redis/v9/internal/proto/reader.go:198.54,199.26 1 0
github.com/redis/go-redis/v9/internal/proto/reader.go:200.11,201.19 1 0
github.com/redis/go-redis/v9/internal/proto/reader.go:202.11,203.20 1 0
github.com/redis/go-redis/v9/internal/proto/reader.go:205.2,205.69 1 0
github.com/redis/go-redis/v9/internal/proto/reader.go:208.60,210.52 2 0
github.com/redis/go-redis/v9/internal/proto/reader.go:210.52,212.3 1 0
github.com/redis/go-redis/v9/internal/proto/reader.go:213.2,213.69 1 0
github.com/redis/go-redis/v9/internal/proto/reader.go:216.63,218.16 2 0
github.com/redis/go-redis/v9/internal/proto/reader.go:218.16,220.3 1 0
github.com/redis/go-redis/v9/internal/proto/reader.go:222.2,224.16 3 0
github.com/redis/go-redis/v9/internal/proto/reader.go:224.16,226.3 1 0
github.com/redis/go-redis/v9/internal/proto/reader.go:228.2,228.39 1 0
github.com/redis/go-redis/v9/internal/proto/reader.go:231.56,233.16 2 0
github.com/redis/go-redis/v9/internal/proto/reader.go:233.16,235.3 1 0
github.com/redis/go-redis/v9/internal/proto/reader.go:236.2,236.31 1 0
github.com/redis/go-redis/v9/internal/proto/reader.go:236.31,238.3 1 0
github.com/redis/go-redis/v9/internal/proto/reader.go:239.2,239.19 1 0
github.com/redis/go-redis/v9/internal/proto/reader.go:242.64,244.16 2 0
github.com/redis/go-redis/v9/internal/proto/reader.go:244.16,246.3 1 0
github.com/redis/go-redis/v9/internal/proto/reader.go:248.2,249.32 2 0
github.com/redis/go-redis/v9/internal/proto/reader.go:249.32,251.17 2 0
github.com/redis/go-redis/v9/internal/proto/reader.go:251.17,252.18 1 0
github.com/redis/go-redis/v9/internal/proto/reader.go:252.18,254.13 2 0
github.com/redis/go-redis/v9/internal/proto/reader.go:256.4,256.39 1 0
github.com/redis/go-redis/v9/internal/proto/reader.go:256.39,258.13 2 0
github.com/redis/go-redis/v9/internal/proto/reader.go:260.4,260.19 1 0
github.com/redis/go-redis/v9/internal/proto/reader.go:262.3,262.13 1 0
github.com/redis/go-redis/v9/internal/proto/reader.go:264.2,264.17 1 0
github.com/redis/go-redis/v9/internal/proto/reader.go:267.76,269.16 2 0
github.com/redis/go-redis/v9/internal/proto/reader.go:269.16,271.3 1 0
github.com/redis/go-redis/v9/internal/proto/reader.go:272.2,273.25 2 0
github.com/redis/go-redis/v9/internal/proto/reader.go:273.25,275.17 2 0
github.com/redis/go-redis/v9/internal/proto/reader.go:275.17,277.4 1 0
github.com/redis/go-redis/v9/internal/proto/reader.go:278.3,279.17 2 0
github.com/redis/go-redis/v9/internal/proto/reader.go:279.17,280.18 1 0
github.com/redis/go-redis/v9/internal/proto/reader.go:280.18,282.13 2 0
github.com/redis/go-redis/v9/internal/proto/reader.go:284.4,284.39 1 0
github.com/redis/go-redis/v9/internal/proto/reader.go:284.39,286.13 2 0
github.com/redis/go-redis/v9/internal/proto/reader.go:288.4,288.19 1 0
github.com/redis/go-redis/v9/internal/proto/reader.go:290.3,290.11 1 0
github.com/redis/go-redis/v9/internal/proto/reader.go:292.2,292.15 1 0
github.com/redis/go-redis/v9/internal/proto/reader.go:297.43,299.16 2 0
github.com/redis/go-redis/v9/internal/proto/reader.go:299.16,301.3 1 0
github.com/redis/go-redis/v9/internal/proto/reader.go:302.2,302.17 1 0
github.com/redis/go-redis/v9/internal/proto/reader.go:303.27,304.41 1 0
github.com/redis/go-redis/v9/internal/proto/reader.go:305.18,307.17 2 0
github.com/redis/go-redis/v9/internal/proto/reader.go:307.17,309.4 1 0
github.com/redis/go-redis/v9/internal/proto/reader.go:310.3,310.42 1 0
github.com/redis/go-redis/v9/internal/proto/reader.go:311.18,313.17 2 0
github.com/redis/go-redis/v9/internal/proto/reader.go:313.17,315.4 1 0
github.com/redis/go-redis/v9/internal/proto/reader.go:316.3,316.19 1 0
github.com/redis/go-redis/v9/internal/proto/reader.go:316.19,318.4 1 0
github.com/redis/go-redis/v9/internal/proto/reader.go:319.3,319.24 1 0
github.com/redis/go-redis/v9/internal/proto/reader.go:321.2,321.68 1 0
github.com/redis/go-redis/v9/internal/proto/reader.go:324.45,326.16 2 0
github.com/redis/go-redis/v9/internal/proto/reader.go:326.16,328.3 1 0
github.com/redis/go-redis/v9/internal/proto/reader.go:329.2,329.17 1 0
github.com/redis/go-redis/v9/internal/proto/reader.go:330.27,331.42 1 0
github.com/redis/go-redis/v9/internal/proto/reader.go:332.18,334.17 2 0
github.com/redis/go-redis/v9/internal/proto/reader.go:334.17,336.4 1 0
github.com/redis/go-redis/v9/internal/proto/reader.go:337.3,337.43 1 0
github.com/redis/go-redis/v9/internal/proto/reader.go:338.18,340.17 2 0
github.com/redis/go-redis/v9/internal/proto/reader.go:340.17,342.4 1 0
github.com/redis/go-redis/v9/internal/proto/reader.go:343.3,343.20 1 0
github.com/redis/go-redis/v9/internal/proto/reader.go:343.20,345.4 1 0
github.com/redis/go-redis/v9/internal/proto/reader.go:346.3,346.25 1 0
github.com/redis/go-redis/v9/internal/proto/reader.go:348.2,348.69 1 0
github.com/redis/go-redis/v9/internal/proto/reader.go:351.47,353.16 2 0
github.com/redis/go-redis/v9/internal/proto/reader.go:353.16,355.3 1 0
github.com/redis/go-redis/v9/internal/proto/reader.go:356.2,356.17 1 0
github.com/redis/go-redis/v9/internal/proto/reader.go:357.17,358.27 1 0
github.com/redis/go-redis/v9/internal/proto/reader.go:359.18,360.50 1 0
github.com/redis/go-redis/v9/internal/proto/reader.go:361.18,363.17 2 0
github.com/redis/go-redis/v9/internal/proto/reader.go:363.17,365.4 1 0
github.com/redis/go-redis/v9/internal/proto/reader.go:366.3,366.35 1 0
github.com/redis/go-redis/v9/internal/proto/reader.go:368.2,368.70 1 0
github.com/redis/go-redis/v9/internal/proto/reader.go:371.47,373.16 2 0
github.com/redis/go-redis/v9/internal/proto/reader.go:373.16,375.3 1 0
github.com/redis/go-redis/v9/internal/proto/reader.go:377.2,377.17 1 0
github.com/redis/go-redis/v9/internal/proto/reader.go:378.38,379.31 1 0
github.com/redis/go-redis/v9/internal/proto/reader.go:380.18,381.33 1 0
github.com/redis/go-redis/v9/internal/proto/reader.go:382.16,384.36 2 0
github.com/redis/go-redis/v9/internal/proto/reader.go:385.20,386.26 1 0
github.com/redis/go-redis/v9/internal/proto/reader.go:387.18,389.17 2 0
github.com/redis/go-redis/v9/internal/proto/reader.go:389.17,391.4 1 0
github.com/redis/go-redis/v9/internal/proto/reader.go:392.3,392.25 1 0
github.com/redis/go-redis/v9/internal/proto/reader.go:394.2,394.79 1 0
github.com/redis/go-redis/v9/internal/proto/reader.go:397.43,399.16 2 0
github.com/redis/go-redis/v9/internal/proto/reader.go:399.16,401.3 1 0
github.com/redis/go-redis/v9/internal/proto/reader.go:402.2,402.50 1 0
github.com/redis/go-redis/v9/internal/proto/reader.go:405.53,407.16 2 0
github.com/redis/go-redis/v9/internal/proto/reader.go:407.16,409.3 1 0
github.com/redis/go-redis/v9/internal/proto/reader.go:410.2,410.26 1 0
github.com/redis/go-redis/v9/internal/proto/reader.go:414.56,416.16 2 0
github.com/redis/go-redis/v9/internal/proto/reader.go:416.16,418.3 1 0
github.com/redis/go-redis/v9/internal/proto/reader.go:419.2,419.19 1 0
github.com/redis/go-redis/v9/internal/proto/reader.go:419.19,421.3 1 0
github.com/redis/go-redis/v9/internal/proto/reader.go:422.2,422.12 1 0
github.com/redis/go-redis/v9/internal/proto/reader.go:426.46,428.16 2 0
github.com/redis/go-redis/v9/internal/proto/reader.go:428.16,430.3 1 0
github.com/redis/go-redis/v9/internal/proto/reader.go:431.2,431.17 1 0
github.com/redis/go-redis/v9/internal/proto/reader.go:432.36,433.24 1 0
github.com/redis/go-redis/v9/internal/proto/reader.go:434.10,435.80 1 0
github.com/redis/go-redis/v9/internal/proto/reader.go:440.54,442.16 2 0
github.com/redis/go-redis/v9/internal/proto/reader.go:442.16,444.3 1 0
github.com/redis/go-redis/v9/internal/proto/reader.go:445.2,445.19 1 0
github.com/redis/go-redis/v9/internal/proto/reader.go:445.19,447.3 1 0
github.com/redis/go-redis/v9/internal/proto/reader.go:448.2,448.12 1 0
github.com/redis/go-redis/v9/internal/proto/reader.go:455.44,457.16 2 0
github.com/redis/go-redis/v9/internal/proto/reader.go:457.16,459.3 1 0
github.com/redis/go-redis/v9/internal/proto/reader.go:460.2,460.17 1 0
github.com/redis/go-redis/v9/internal/proto/reader.go:461.15,462.24 1 0
github.com/redis/go-redis/v9/internal/proto/reader.go:463.36,466.17 2 0
github.com/redis/go-redis/v9/internal/proto/reader.go:466.17,468.4 1 0
github.com/redis/go-redis/v9/internal/proto/reader.go:469.3,469.15 1 0
github.com/redis/go-redis/v9/internal/proto/reader.go:469.15,471.4 1 0
github.com/redis/go-redis/v9/internal/proto/reader.go:472.3,472.20 1 0
github.com/redis/go-redis/v9/internal/proto/reader.go:473.10,474.69 1 0
github.com/redis/go-redis/v9/internal/proto/reader.go:479.38,481.16 2 0
github.com/redis/go-redis/v9/internal/proto/reader.go:481.16,483.3 1 0
github.com/redis/go-redis/v9/internal/proto/reader.go:484.2,484.24 1 0
github.com/redis/go-redis/v9/internal/proto/reader.go:488.51,489.20 1 0
github.com/redis/go-redis/v9/internal/proto/reader.go:489.20,491.3 1 0
github.com/redis/go-redis/v9/internal/proto/reader.go:492.2,492.17 1 0
github.com/redis/go-redis/v9/internal/proto/reader.go:493.80,494.13 1 0
github.com/redis/go-redis/v9/internal/proto/reader.go:497.2,498.30 2 0
github.com/redis/go-redis/v9/internal/proto/reader.go:498.30,500.3 1 0
github.com/redis/go-redis/v9/internal/proto/reader.go:502.2,502.17 1 0
github.com/redis/go-redis/v9/internal/proto/reader.go:503.47,506.13 2 0
github.com/redis/go-redis/v9/internal/proto/reader.go:507.36,508.26 1 0
github.com/redis/go-redis/v9/internal/proto/reader.go:508.26,509.41 1 0
github.com/redis/go-redis/v9/internal/proto/reader.go:509.41,511.5 1 0
github.com/redis/go-redis/v9/internal/proto/reader.go:513.3,513.13 1 0
github.com/redis/go-redis/v9/internal/proto/reader.go:514.25,516.28 1 0
github.com/redis/go-redis/v9/internal/proto/reader.go:516.28,517.41 1 0
github.com/redis/go-redis/v9/internal/proto/reader.go:517.41,519.5 1 0
github.com/redis/go-redis/v9/internal/proto/reader.go:521.3,521.13 1 0
github.com/redis/go-redis/v9/internal/proto/reader.go:524.2,524.54 1 0
github.com/redis/go-redis/v9/internal/proto/reader.go:527.47,529.16 2 0
github.com/redis/go-redis/v9/internal/proto/reader.go:529.16,531.3 1 0
github.com/redis/go-redis/v9/internal/proto/reader.go:533.2,533.12 1 0
github.com/redis/go-redis/v9/internal/proto/reader.go:533.12,535.3 1 0
github.com/redis/go-redis/v9/internal/proto/reader.go:537.2,537.17 1 0
github.com/redis/go-redis/v9/internal/proto/reader.go:539.51,540.14 1 0
github.com/redis/go-redis/v9/internal/proto/reader.go:540.14,542.4 1 0
github.com/redis/go-redis/v9/internal/proto/reader.go:544.2,544.15 1 0
github.com/redis/go-redis/v9/internal/proto/reader.go:548.35,552.2 1 1
github.com/redis/go-redis/v9/internal/proto/scan.go:16.42,17.23 1 4
github.com/redis/go-redis/v9/internal/proto/scan.go:18.11,19.40 1 0
github.com/redis/go-redis/v9/internal/proto/scan.go:20.15,22.13 2 0
github.com/redis/go-redis/v9/internal/proto/scan.go:23.15,25.13 2 0
github.com/redis/go-redis/v9/internal/proto/scan.go:26.12,29.13 3 0
github.com/redis/go-redis/v9/internal/proto/scan.go:30.13,32.17 2 0
github.com/redis/go-redis/v9/internal/proto/scan.go:32.17,34.4 1 0
github.com/redis/go-redis/v9/internal/proto/scan.go:35.3,36.13 2 0
github.com/redis/go-redis/v9/internal/proto/scan.go:37.14,39.17 2 0
github.com/redis/go-redis/v9/internal/proto/scan.go:39.17,41.4 1 0
github.com/redis/go-redis/v9/internal/proto/scan.go:42.3,43.13 2 0
github.com/redis/go-redis/v9/internal/proto/scan.go:44.14,46.17 2 0
github.com/redis/go-redis/v9/internal/proto/scan.go:46.17,48.4 1 0
github.com/redis/go-redis/v9/internal/proto/scan.go:49.3,50.13 2 0
github.com/redis/go-redis/v9/internal/proto/scan.go:51.14,53.17 2 0
github.com/redis/go-redis/v9/internal/proto/scan.go:53.17,55.4 1 0
github.com/redis/go-redis/v9/internal/proto/scan.go:56.3,57.13 2 0
github.com/redis/go-redis/v9/internal/proto/scan.go:58.13,60.17 2 0
github.com/redis/go-redis/v9/internal/proto/scan.go:60.17,62.4 1 0
github.com/redis/go-redis/v9/internal/proto/scan.go:63.3,64.13 2 0
github.com/redis/go-redis/v9/internal/proto/scan.go:65.14,67.17 2 0
github.com/redis/go-redis/v9/internal/proto/scan.go:67.17,69.4 1 0
github.com/redis/go-redis/v9/internal/proto/scan.go:70.3,71.13 2 0
github.com/redis/go-redis/v9/internal/proto/scan.go:72.15,74.17 2 0
github.com/redis/go-redis/v9/internal/proto/scan.go:74.17,76.4 1 0
github.com/redis/go-redis/v9/internal/proto/scan.go:77.3,78.13 2 0
github.com/redis/go-redis/v9/internal/proto/scan.go:79.15,81.17 2 0
github.com/redis/go-redis/v9/internal/proto/scan.go:81.17,83.4 1 0
github.com/redis/go-redis/v9/internal/proto/scan.go:84.3,85.13 2 0
github.com/redis/go-redis/v9/internal/proto/scan.go:86.15,88.17 2 0
github.com/redis/go-redis/v9/internal/proto/scan.go:88.17,90.4 1 0
github.com/redis/go-redis/v9/internal/proto/scan.go:91.3,92.13 2 0
github.com/redis/go-redis/v9/internal/proto/scan.go:93.16,95.17 2 0
github.com/redis/go-redis/v9/internal/proto/scan.go:95.17,97.4 1 0
github.com/redis/go-redis/v9/internal/proto/scan.go:98.3,99.13 2 0
github.com/redis/go-redis/v9/internal/proto/scan.go:100.16,103.13 3 0
github.com/redis/go-redis/v9/internal/proto/scan.go:104.13,106.13 2 0
github.com/redis/go-redis/v9/internal/proto/scan.go:107.18,110.13 3 0
github.com/redis/go-redis/v9/internal/proto/scan.go:111.22,113.17 2 0
github.com/redis/go-redis/v9/internal/proto/scan.go:113.17,115.4 1 0
github.com/redis/go-redis/v9/internal/proto/scan.go:116.3,117.13 2 0
github.com/redis/go-redis/v9/internal/proto/scan.go:118.34,119.30 1 4
github.com/redis/go-redis/v9/internal/proto/scan.go:120.15,122.13 2 0
github.com/redis/go-redis/v9/internal/proto/scan.go:123.10,125.77 1 0
github.com/redis/go-redis/v9/internal/proto/scan.go:129.56,131.18 2 2
github.com/redis/go-redis/v9/internal/proto/scan.go:131.18,133.3 1 0
github.com/redis/go-redis/v9/internal/proto/scan.go:134.2,134.29 1 2
github.com/redis/go-redis/v9/internal/proto/scan.go:134.29,136.3 1 0
github.com/redis/go-redis/v9/internal/proto/scan.go:137.2,138.31 2 2
github.com/redis/go-redis/v9/internal/proto/scan.go:138.31,140.3 1 0
github.com/redis/go-redis/v9/internal/proto/scan.go:142.2,143.25 2 2
github.com/redis/go-redis/v9/internal/proto/scan.go:143.25,145.66 2 4
github.com/redis/go-redis/v9/internal/proto/scan.go:145.66,148.4 2 0
github.com/redis/go-redis/v9/internal/proto/scan.go:151.2,151.12 1 2
github.com/redis/go-redis/v9/internal/proto/scan.go:154.66,157.36 2 2
github.com/redis/go-redis/v9/internal/proto/scan.go:157.36,159.31 2 1
github.com/redis/go-redis/v9/internal/proto/scan.go:159.31,160.25 1 2
github.com/redis/go-redis/v9/internal/proto/scan.go:160.25,163.21 3 0
github.com/redis/go-redis/v9/internal/proto/scan.go:163.21,165.6 1 0
github.com/redis/go-redis/v9/internal/proto/scan.go:166.5,166.23 1 0
github.com/redis/go-redis/v9/internal/proto/scan.go:169.4,171.22 3 2
github.com/redis/go-redis/v9/internal/proto/scan.go:175.2,176.30 2 1
github.com/redis/go-redis/v9/internal/proto/scan.go:176.30,177.24 1 2
github.com/redis/go-redis/v9/internal/proto/scan.go:177.24,180.4 2 0
github.com/redis/go-redis/v9/internal/proto/scan.go:182.3,183.30 2 2
github.com/redis/go-redis/v9/internal/proto/writer.go:28.35,35.2 1 56
github.com/redis/go-redis/v9/internal/proto/writer.go:37.54,38.47 1 4
github.com/redis/go-redis/v9/internal/proto/writer.go:38.47,40.3 1 0
github.com/redis/go-redis/v9/internal/proto/writer.go:42.2,42.46 1 4
github.com/redis/go-redis/v9/internal/proto/writer.go:42.46,44.3 1 0
github.com/redis/go-redis/v9/internal/proto/writer.go:46.2,46.27 1 4
github.com/redis/go-redis/v9/internal/proto/writer.go:46.27,47.41 1 9
github.com/redis/go-redis/v9/internal/proto/writer.go:47.41,49.4 1 0
github.com/redis/go-redis/v9/internal/proto/writer.go:52.2,52.12 1 4
github.com/redis/go-redis/v9/internal/proto/writer.go:55.40,60.2 4 65
github.com/redis/go-redis/v9/internal/proto/writer.go:62.48,63.23 1 61
github.com/redis/go-redis/v9/internal/proto/writer.go:64.11,65.22 1 2
github.com/redis/go-redis/v9/internal/proto/writer.go:66.14,67.21 1 2
github.com/redis/go-redis/v9/internal/proto/writer.go:68.15,69.15 1 2
github.com/redis/go-redis/v9/internal/proto/writer.go:69.15,71.4 1 1
github.com/redis/go-redis/v9/internal/proto/writer.go:72.3,72.22 1 1
github.com/redis/go-redis/v9/internal/proto/writer.go:73.14,74.20 1 1
github.com/redis/go-redis/v9/internal/proto/writer.go:75.11,76.25 1 2
github.com/redis/go-redis/v9/internal/proto/writer.go:77.12,78.15 1 2
github.com/redis/go-redis/v9/internal/proto/writer.go:78.15,80.4 1 1
github.com/redis/go-redis/v9/internal/proto/writer.go:81.3,81.26 1 1
github.com/redis/go-redis/v9/internal/proto/writer.go:82.12,83.25 1 1
github.com/redis/go-redis/v9/internal/proto/writer.go:84.13,85.15 1 2
github.com/redis/go-redis/v9/internal/proto/writer.go:85.15,87.4 1 1
github.com/redis/go-redis/v9/internal/proto/writer.go:88.3,88.26 1 1
github.com/redis/go-redis/v9/internal/proto/writer.go:89.13,90.25 1 1
github.com/redis/go-redis/v9/internal/proto/writer.go:91.14,92.15 1 2
github.com/redis/go-redis/v9/internal/proto/writer.go:92.15,94.4 1 1
github.com/redis/go-redis/v9/internal/proto/writer.go:95.3,95.26 1 1
github.com/redis/go-redis/v9/internal/proto/writer.go:96.13,97.25 1 1
github.com/redis/go-redis/v9/internal/proto/writer.go:98.14,99.15 1 2
github.com/redis/go-redis/v9/internal/proto/writer.go:99.15,101.4 1 1
github.com/redis/go-redis/v9/internal/proto/writer.go:102.3,102.26 1 1
github.com/redis/go-redis/v9/internal/proto/writer.go:103.13,104.18 1 1
github.com/redis/go-redis/v9/internal/proto/writer.go:105.14,106.15 1 2
github.com/redis/go-redis/v9/internal/proto/writer.go:106.15,108.4 1 1
github.com/redis/go-redis/v9/internal/proto/writer.go:109.3,109.19 1 1
github.com/redis/go-redis/v9/internal/proto/writer.go:110.12,111.27 1 1
github.com/redis/go-redis/v9/internal/proto/writer.go:112.13,113.15 1 2
github.com/redis/go-redis/v9/internal/proto/writer.go:113.15,115.4 1 1
github.com/redis/go-redis/v9/internal/proto/writer.go:116.3,116.28 1 1
github.com/redis/go-redis/v9/internal/proto/writer.go:117.13,118.27 1 1
github.com/redis/go-redis/v9/internal/proto/writer.go:119.14,120.15 1 2
github.com/redis/go-redis/v9/internal/proto/writer.go:120.15,122.4 1 1
github.com/redis/go-redis/v9/internal/proto/writer.go:123.3,123.28 1 1
github.com/redis/go-redis/v9/internal/proto/writer.go:124.14,125.27 1 1
github.com/redis/go-redis/v9/internal/proto/writer.go:126.15,127.15 1 2
github.com/redis/go-redis/v9/internal/proto/writer.go:127.15,129.4 1 1
github.com/redis/go-redis/v9/internal/proto/writer.go:130.3,130.28 1 1
github.com/redis/go-redis/v9/internal/proto/writer.go:131.14,132.27 1 1
github.com/redis/go-redis/v9/internal/proto/writer.go:133.15,134.15 1 2
github.com/redis/go-redis/v9/internal/proto/writer.go:134.15,136.4 1 1
github.com/redis/go-redis/v9/internal/proto/writer.go:137.3,137.28 1 1
github.com/redis/go-redis/v9/internal/proto/writer.go:138.14,139.19 1 1
github.com/redis/go-redis/v9/internal/proto/writer.go:140.15,141.15 1 2
github.com/redis/go-redis/v9/internal/proto/writer.go:141.15,143.4 1 1
github.com/redis/go-redis/v9/internal/proto/writer.go:144.3,144.20 1 1
github.com/redis/go-redis/v9/internal/proto/writer.go:145.15,146.29 1 1
github.com/redis/go-redis/v9/internal/proto/writer.go:147.16,148.15 1 2
github.com/redis/go-redis/v9/internal/proto/writer.go:148.15,150.4 1 1
github.com/redis/go-redis/v9/internal/proto/writer.go:151.3,151.30 1 1
github.com/redis/go-redis/v9/internal/proto/writer.go:152.15,153.20 1 2
github.com/redis/go-redis/v9/internal/proto/writer.go:154.16,155.15 1 2
github.com/redis/go-redis/v9/internal/proto/writer.go:155.15,157.4 1 1
github.com/redis/go-redis/v9/internal/proto/writer.go:158.3,158.21 1 1
github.com/redis/go-redis/v9/internal/proto/writer.go:159.12,160.8 1 3
github.com/redis/go-redis/v9/internal/proto/writer.go:160.8,162.4 1 2
github.com/redis/go-redis/v9/internal/proto/writer.go:163.3,163.18 1 1
github.com/redis/go-redis/v9/internal/proto/writer.go:164.13,165.15 1 3
github.com/redis/go-redis/v9/internal/proto/writer.go:165.15,167.4 1 1
github.com/redis/go-redis/v9/internal/proto/writer.go:168.3,168.9 1 2
github.com/redis/go-redis/v9/internal/proto/writer.go:168.9,170.4 1 1
github.com/redis/go-redis/v9/internal/proto/writer.go:171.3,171.18 1 1
github.com/redis/go-redis/v9/internal/proto/writer.go:172.17,174.27 2 2
github.com/redis/go-redis/v9/internal/proto/writer.go:175.18,176.15 1 2
github.com/redis/go-redis/v9/internal/proto/writer.go:176.15,178.4 1 1
github.com/redis/go-redis/v9/internal/proto/writer.go:179.3,180.27 2 2
github.com/redis/go-redis/v9/internal/proto/writer.go:181.21,182.32 1 1
github.com/redis/go-redis/v9/internal/proto/writer.go:183.22,184.15 1 2
github.com/redis/go-redis/v9/internal/proto/writer.go:184.15,186.4 1 1
github.com/redis/go-redis/v9/internal/proto/writer.go:187.3,187.32 1 1
github.com/redis/go-redis/v9/internal/proto/writer.go:188.32,190.17 2 2
github.com/redis/go-redis/v9/internal/proto/writer.go:190.17,192.4 1 0
github.com/redis/go-redis/v9/internal/proto/writer.go:193.3,193.20 1 2
github.com/redis/go-redis/v9/internal/proto/writer.go:194.14,195.20 1 1
github.com/redis/go-redis/v9/internal/proto/writer.go:196.10,198.70 1 0
github.com/redis/go-redis/v9/internal/proto/writer.go:202.40,203.48 1 61
github.com/redis/go-redis/v9/internal/proto/writer.go:203.48,205.3 1 0
github.com/redis/go-redis/v9/internal/proto/writer.go:207.2,207.43 1 61
github.com/redis/go-redis/v9/internal/proto/writer.go:207.43,209.3 1 0
github.com/redis/go-redis/v9/internal/proto/writer.go:211.2,211.38 1 61
github.com/redis/go-redis/v9/internal/proto/writer.go:211.38,213.3 1 0
github.com/redis/go-redis/v9/internal/proto/writer.go:215.2,215.17 1 61
github.com/redis/go-redis/v9/internal/proto/writer.go:218.41,220.2 1 7
github.com/redis/go-redis/v9/internal/proto/writer.go:222.39,225.2 2 14
github.com/redis/go-redis/v9/internal/proto/writer.go:227.37,230.2 2 25
github.com/redis/go-redis/v9/internal/proto/writer.go:232.41,235.2 2 7
github.com/redis/go-redis/v9/internal/proto/writer.go:237.31,238.42 1 61
github.com/redis/go-redis/v9/internal/proto/writer.go:238.42,240.3 1 0
github.com/redis/go-redis/v9/internal/proto/writer.go:241.2,241.26 1 61
github.com/redis/go-redis/v9/internal/util/strconv.go:5.34,7.2 1 0
github.com/redis/go-redis/v9/internal/util/strconv.go:9.63,11.2 1 0
github.com/redis/go-redis/v9/internal/util/strconv.go:13.65,15.2 1 0
github.com/redis/go-redis/v9/internal/util/strconv.go:17.57,19.2 1 0
github.com/redis/go-redis/v9/internal/util/type.go:3.27,5.2 1 17
github.com/redis/go-redis/v9/internal/util/unsafe.go:10.37,12.2 1 0
github.com/redis/go-redis/v9/internal/util/unsafe.go:15.37,22.2 1 7
github.com/redis/go-redis/v9/internal/rand/rand.go:9.16,9.39 1 0
github.com/redis/go-redis/v9/internal/rand/rand.go:13.22,13.47 1 0
github.com/redis/go-redis/v9/internal/rand/rand.go:17.28,17.55 1 0
github.com/redis/go-redis/v9/internal/rand/rand.go:20.24,20.49 1 0
github.com/redis/go-redis/v9/internal/rand/rand.go:25.20,25.38 1 0
github.com/redis/go-redis/v9/internal/rand/rand.go:34.32,39.2 4 0
github.com/redis/go-redis/v9/internal/rand/rand.go:41.35,45.2 3 0
github.com/redis/go-redis/v9/internal/rand/rand.go:50.42,50.69 1 0
github.com/redis/go-redis/v9/internal/util/strconv.go:5.34,7.2 1 0
github.com/redis/go-redis/v9/internal/util/strconv.go:9.63,11.2 1 0
github.com/redis/go-redis/v9/internal/util/strconv.go:13.65,15.2 1 0
github.com/redis/go-redis/v9/internal/util/strconv.go:17.57,19.2 1 0
github.com/redis/go-redis/v9/internal/util/type.go:3.27,5.2 1 0
github.com/redis/go-redis/v9/internal/util/unsafe.go:10.37,12.2 1 0
github.com/redis/go-redis/v9/internal/util/unsafe.go:15.37,22.2 1 0
github.com/redis/go-redis/v9/internal/rand/rand.go:9.16,9.39 1 0
github.com/redis/go-redis/v9/internal/rand/rand.go:13.22,13.47 1 0
github.com/redis/go-redis/v9/internal/rand/rand.go:17.28,17.55 1 0
github.com/redis/go-redis/v9/internal/rand/rand.go:20.24,20.49 1 0
github.com/redis/go-redis/v9/internal/rand/rand.go:25.20,25.38 1 0
github.com/redis/go-redis/v9/internal/rand/rand.go:34.32,39.2 4 0
github.com/redis/go-redis/v9/internal/rand/rand.go:41.35,45.2 3 0
github.com/redis/go-redis/v9/internal/rand/rand.go:50.42,50.69 1 0
github.com/redis/go-redis/v9/internal/util/strconv.go:5.34,7.2 1 8051
github.com/redis/go-redis/v9/internal/util/strconv.go:9.63,11.2 1 1159
github.com/redis/go-redis/v9/internal/util/strconv.go:13.65,15.2 1 0
github.com/redis/go-redis/v9/internal/util/strconv.go:17.57,19.2 1 0
github.com/redis/go-redis/v9/internal/util/type.go:3.27,5.2 1 0
github.com/redis/go-redis/v9/internal/util/unsafe.go:10.37,12.2 1 15575
github.com/redis/go-redis/v9/internal/util/unsafe.go:15.37,22.2 1 3307
github.com/redis/go-redis/v9/internal/pool/conn.go:28.38,38.2 6 21809
github.com/redis/go-redis/v9/internal/pool/conn.go:40.36,43.2 2 9999
github.com/redis/go-redis/v9/internal/pool/conn.go:45.41,47.2 1 22316
github.com/redis/go-redis/v9/internal/pool/conn.go:49.46,53.2 3 0
github.com/redis/go-redis/v9/internal/pool/conn.go:55.46,57.2 1 0
github.com/redis/go-redis/v9/internal/pool/conn.go:59.39,60.23 1 0
github.com/redis/go-redis/v9/internal/pool/conn.go:60.23,62.3 1 0
github.com/redis/go-redis/v9/internal/pool/conn.go:63.2,63.12 1 0
github.com/redis/go-redis/v9/internal/pool/conn.go:68.9,69.18 1 0
github.com/redis/go-redis/v9/internal/pool/conn.go:69.18,70.79 1 0
github.com/redis/go-redis/v9/internal/pool/conn.go:70.79,72.4 1 0
github.com/redis/go-redis/v9/internal/pool/conn.go:74.2,74.18 1 0
github.com/redis/go-redis/v9/internal/pool/conn.go:79.9,80.18 1 0
github.com/redis/go-redis/v9/internal/pool/conn.go:80.18,81.80 1 0
github.com/redis/go-redis/v9/internal/pool/conn.go:81.80,83.4 1 0
github.com/redis/go-redis/v9/internal/pool/conn.go:86.2,86.26 1 0
github.com/redis/go-redis/v9/internal/pool/conn.go:86.26,88.3 1 0
github.com/redis/go-redis/v9/internal/pool/conn.go:90.2,90.34 1 0
github.com/redis/go-redis/v9/internal/pool/conn.go:90.34,92.3 1 0
github.com/redis/go-redis/v9/internal/pool/conn.go:94.2,94.22 1 0
github.com/redis/go-redis/v9/internal/pool/conn.go:97.31,99.2 1 20809
github.com/redis/go-redis/v9/internal/pool/conn.go:101.80,105.17 3 0
github.com/redis/go-redis/v9/internal/pool/conn.go:105.17,107.3 1 0
github.com/redis/go-redis/v9/internal/pool/conn.go:109.2,109.16 1 0
github.com/redis/go-redis/v9/internal/pool/conn.go:109.16,111.9 2 0
github.com/redis/go-redis/v9/internal/pool/conn.go:111.9,112.20 1 0
github.com/redis/go-redis/v9/internal/pool/conn.go:112.20,114.5 1 0
github.com/redis/go-redis/v9/internal/pool/conn.go:115.4,115.27 1 0
github.com/redis/go-redis/v9/internal/pool/conn.go:115.27,117.5 1 0
github.com/redis/go-redis/v9/internal/pool/conn.go:118.4,118.13 1 0
github.com/redis/go-redis/v9/internal/pool/conn.go:122.2,122.17 1 0
github.com/redis/go-redis/v9/internal/pool/conn.go:122.17,124.3 1 0
github.com/redis/go-redis/v9/internal/pool/conn.go:126.2,126.19 1 0
github.com/redis/go-redis/v9/internal/pool/conn_check.go:15.37,20.9 3 563
github.com/redis/go-redis/v9/internal/pool/conn_check.go:20.9,22.3 1 0
github.com/redis/go-redis/v9/internal/pool/conn_check.go:23.2,24.16 2 563
github.com/redis/go-redis/v9/internal/pool/conn_check.go:24.16,26.3 1 52
github.com/redis/go-redis/v9/internal/pool/conn_check.go:28.2,30.47 2 511
github.com/redis/go-redis/v9/internal/pool/conn_check.go:30.47,33.10 3 2
github.com/redis/go-redis/v9/internal/pool/conn_check.go:34.29,35.19 1 0
github.com/redis/go-redis/v9/internal/pool/conn_check.go:36.14,37.30 1 0
github.com/redis/go-redis/v9/internal/pool/conn_check.go:38.60,39.16 1 2
github.com/redis/go-redis/v9/internal/pool/conn_check.go:40.11,41.16 1 0
github.com/redis/go-redis/v9/internal/pool/conn_check.go:43.3,43.14 1 2
github.com/redis/go-redis/v9/internal/pool/conn_check.go:44.17,46.3 1 2
github.com/redis/go-redis/v9/internal/pool/conn_check.go:48.2,48.15 1 509
github.com/redis/go-redis/v9/internal/pool/pool.go:27.26,31.3 3 140
github.com/redis/go-redis/v9/internal/pool/pool.go:99.42,113.2 5 17
github.com/redis/go-redis/v9/internal/pool/pool.go:115.40,116.29 1 30829
github.com/redis/go-redis/v9/internal/pool/pool.go:116.29,118.3 1 30002
github.com/redis/go-redis/v9/internal/pool/pool.go:119.2,119.73 1 827
github.com/redis/go-redis/v9/internal/pool/pool.go:119.73,120.10 1 818
github.com/redis/go-redis/v9/internal/pool/pool.go:121.30,125.14 3 701
github.com/redis/go-redis/v9/internal/pool/pool.go:125.14,127.39 2 701
github.com/redis/go-redis/v9/internal/pool/pool.go:127.39,132.6 4 0
github.com/redis/go-redis/v9/internal/pool/pool.go:134.5,134.17 1 701
github.com/redis/go-redis/v9/internal/pool/pool.go:136.11,137.10 1 117
github.com/redis/go-redis/v9/internal/pool/pool.go:142.40,144.16 2 701
github.com/redis/go-redis/v9/internal/pool/pool.go:144.16,146.3 1 0
github.com/redis/go-redis/v9/internal/pool/pool.go:148.2,152.16 3 701
github.com/redis/go-redis/v9/internal/pool/pool.go:152.16,155.3 2 10
github.com/redis/go-redis/v9/internal/pool/pool.go:157.2,159.12 3 691
github.com/redis/go-redis/v9/internal/pool/pool.go:162.64,164.2 1 0
github.com/redis/go-redis/v9/internal/pool/pool.go:166.77,167.16 1 21108
github.com/redis/go-redis/v9/internal/pool/pool.go:167.16,169.3 1 0
github.com/redis/go-redis/v9/internal/pool/pool.go:171.2,172.68 2 21108
github.com/redis/go-redis/v9/internal/pool/pool.go:172.68,175.3 2 0
github.com/redis/go-redis/v9/internal/pool/pool.go:176.2,179.16 3 21108
github.com/redis/go-redis/v9/internal/pool/pool.go:179.16,181.3 1 0
github.com/redis/go-redis/v9/internal/pool/pool.go:183.2,186.68 3 21108
github.com/redis/go-redis/v9/internal/pool/pool.go:186.68,189.3 2 0
github.com/redis/go-redis/v9/internal/pool/pool.go:191.2,192.12 2 21108
github.com/redis/go-redis/v9/internal/pool/pool.go:192.12,194.35 1 21108
github.com/redis/go-redis/v9/internal/pool/pool.go:194.35,196.4 1 0
github.com/redis/go-redis/v9/internal/pool/pool.go:196.9,198.4 1 21108
github.com/redis/go-redis/v9/internal/pool/pool.go:201.2,201.16 1 21108
github.com/redis/go-redis/v9/internal/pool/pool.go:204.78,205.16 1 21809
github.com/redis/go-redis/v9/internal/pool/pool.go:205.16,207.3 1 0
github.com/redis/go-redis/v9/internal/pool/pool.go:209.2,209.67 1 21809
github.com/redis/go-redis/v9/internal/pool/pool.go:209.67,211.3 1 0
github.com/redis/go-redis/v9/internal/pool/pool.go:213.2,214.16 2 21809
github.com/redis/go-redis/v9/internal/pool/pool.go:214.16,216.70 2 0
github.com/redis/go-redis/v9/internal/pool/pool.go:216.70,218.4 1 0
github.com/redis/go-redis/v9/internal/pool/pool.go:219.3,219.18 1 0
github.com/redis/go-redis/v9/internal/pool/pool.go:222.2,224.16 3 21809
github.com/redis/go-redis/v9/internal/pool/pool.go:227.30,228.6 1 0
github.com/redis/go-redis/v9/internal/pool/pool.go:228.6,229.17 1 0
github.com/redis/go-redis/v9/internal/pool/pool.go:229.17,231.4 1 0
github.com/redis/go-redis/v9/internal/pool/pool.go:233.3,234.17 2 0
github.com/redis/go-redis/v9/internal/pool/pool.go:234.17,237.12 3 0
github.com/redis/go-redis/v9/internal/pool/pool.go:240.3,242.9 3 0
github.com/redis/go-redis/v9/internal/pool/pool.go:246.48,248.2 1 0
github.com/redis/go-redis/v9/internal/pool/pool.go:250.45,252.16 2 0
github.com/redis/go-redis/v9/internal/pool/pool.go:252.16,254.3 1 0
github.com/redis/go-redis/v9/internal/pool/pool.go:255.2,255.12 1 0
github.com/redis/go-redis/v9/internal/pool/pool.go:259.60,260.16 1 21617
github.com/redis/go-redis/v9/internal/pool/pool.go:260.16,262.3 1 0
github.com/redis/go-redis/v9/internal/pool/pool.go:264.2,264.40 1 21617
github.com/redis/go-redis/v9/internal/pool/pool.go:264.40,266.3 1 2
github.com/redis/go-redis/v9/internal/pool/pool.go:268.2,268.6 1 21615
github.com/redis/go-redis/v9/internal/pool/pool.go:268.6,273.17 4 31666
github.com/redis/go-redis/v9/internal/pool/pool.go:273.17,276.4 2 0
github.com/redis/go-redis/v9/internal/pool/pool.go:278.3,278.16 1 31666
github.com/redis/go-redis/v9/internal/pool/pool.go:278.16,279.9 1 21108
github.com/redis/go-redis/v9/internal/pool/pool.go:282.3,282.27 1 10558
github.com/redis/go-redis/v9/internal/pool/pool.go:282.27,284.12 2 10051
github.com/redis/go-redis/v9/internal/pool/pool.go:287.3,288.17 2 507
github.com/redis/go-redis/v9/internal/pool/pool.go:291.2,294.16 3 21108
github.com/redis/go-redis/v9/internal/pool/pool.go:294.16,297.3 2 0
github.com/redis/go-redis/v9/internal/pool/pool.go:299.2,299.19 1 21108
github.com/redis/go-redis/v9/internal/pool/pool.go:302.56,303.9 1 21617
github.com/redis/go-redis/v9/internal/pool/pool.go:304.20,305.19 1 0
github.com/redis/go-redis/v9/internal/pool/pool.go:306.10,306.10 0 21617
github.com/redis/go-redis/v9/internal/pool/pool.go:309.2,309.9 1 21617
github.com/redis/go-redis/v9/internal/pool/pool.go:310.29,311.13 1 3353
github.com/redis/go-redis/v9/internal/pool/pool.go:312.10,312.10 0 18264
github.com/redis/go-redis/v9/internal/pool/pool.go:315.2,318.9 3 18264
github.com/redis/go-redis/v9/internal/pool/pool.go:319.20,320.20 1 0
github.com/redis/go-redis/v9/internal/pool/pool.go:320.20,322.4 1 0
github.com/redis/go-redis/v9/internal/pool/pool.go:323.3,324.19 2 0
github.com/redis/go-redis/v9/internal/pool/pool.go:325.29,326.20 1 18262
github.com/redis/go-redis/v9/internal/pool/pool.go:326.20,328.4 1 0
github.com/redis/go-redis/v9/internal/pool/pool.go:329.3,330.13 2 18262
github.com/redis/go-redis/v9/internal/pool/pool.go:331.17,334.24 3 2
github.com/redis/go-redis/v9/internal/pool/pool.go:338.31,340.2 1 21114
github.com/redis/go-redis/v9/internal/pool/pool.go:342.45,343.16 1 31666
github.com/redis/go-redis/v9/internal/pool/pool.go:343.16,345.3 1 0
github.com/redis/go-redis/v9/internal/pool/pool.go:346.2,347.12 2 31666
github.com/redis/go-redis/v9/internal/pool/pool.go:347.12,349.3 1 21108
github.com/redis/go-redis/v9/internal/pool/pool.go:351.2,352.20 2 10558
github.com/redis/go-redis/v9/internal/pool/pool.go:352.20,356.3 3 0
github.com/redis/go-redis/v9/internal/pool/pool.go:356.8,360.3 3 10558
github.com/redis/go-redis/v9/internal/pool/pool.go:361.2,363.16 3 10558
github.com/redis/go-redis/v9/internal/pool/pool.go:366.55,367.26 1 10210
github.com/redis/go-redis/v9/internal/pool/pool.go:367.26,371.3 3 0
github.com/redis/go-redis/v9/internal/pool/pool.go:373.2,373.16 1 10210
github.com/redis/go-redis/v9/internal/pool/pool.go:373.16,376.3 2 0
github.com/redis/go-redis/v9/internal/pool/pool.go:378.2,382.68 3 10210
github.com/redis/go-redis/v9/internal/pool/pool.go:382.68,385.3 2 10210
github.com/redis/go-redis/v9/internal/pool/pool.go:385.8,388.3 2 0
github.com/redis/go-redis/v9/internal/pool/pool.go:390.2,394.21 3 10210
github.com/redis/go-redis/v9/internal/pool/pool.go:394.21,396.3 1 0
github.com/redis/go-redis/v9/internal/pool/pool.go:399.70,403.2 3 10203
github.com/redis/go-redis/v9/internal/pool/pool.go:405.46,408.2 2 10051
github.com/redis/go-redis/v9/internal/pool/pool.go:410.49,414.2 3 20254
github.com/redis/go-redis/v9/internal/pool/pool.go:416.41,417.28 1 20254
github.com/redis/go-redis/v9/internal/pool/pool.go:417.28,418.14 1 59094
github.com/redis/go-redis/v9/internal/pool/pool.go:418.14,420.17 2 20254
github.com/redis/go-redis/v9/internal/pool/pool.go:420.17,423.5 2 20254
github.com/redis/go-redis/v9/internal/pool/pool.go:424.4,424.9 1 20254
github.com/redis/go-redis/v9/internal/pool/pool.go:427.2,427.42 1 20254
github.com/redis/go-redis/v9/internal/pool/pool.go:430.46,432.2 1 20799
github.com/redis/go-redis/v9/internal/pool/pool.go:435.30,440.2 4 54
github.com/redis/go-redis/v9/internal/pool/pool.go:443.34,448.2 4 12
github.com/redis/go-redis/v9/internal/pool/pool.go:450.35,460.2 1 2
github.com/redis/go-redis/v9/internal/pool/pool.go:462.34,464.2 1 96901
github.com/redis/go-redis/v9/internal/pool/pool.go:466.54,471.29 4 0
github.com/redis/go-redis/v9/internal/pool/pool.go:471.29,472.13 1 0
github.com/redis/go-redis/v9/internal/pool/pool.go:472.13,473.61 1 0
github.com/redis/go-redis/v9/internal/pool/pool.go:473.61,475.5 1 0
github.com/redis/go-redis/v9/internal/pool/pool.go:478.2,478.17 1 0
github.com/redis/go-redis/v9/internal/pool/pool.go:481.34,482.52 1 17
github.com/redis/go-redis/v9/internal/pool/pool.go:482.52,484.3 1 2
github.com/redis/go-redis/v9/internal/pool/pool.go:486.2,488.29 3 15
github.com/redis/go-redis/v9/internal/pool/pool.go:488.29,489.60 1 545
github.com/redis/go-redis/v9/internal/pool/pool.go:489.60,491.4 1 0
github.com/redis/go-redis/v9/internal/pool/pool.go:493.2,499.17 6 15
github.com/redis/go-redis/v9/internal/pool/pool.go:502.49,505.81 2 10558
github.com/redis/go-redis/v9/internal/pool/pool.go:505.81,507.3 1 0
github.com/redis/go-redis/v9/internal/pool/pool.go:508.2,508.80 1 10558
github.com/redis/go-redis/v9/internal/pool/pool.go:508.80,510.3 1 9999
github.com/redis/go-redis/v9/internal/pool/pool.go:512.2,512.34 1 559
github.com/redis/go-redis/v9/internal/pool/pool.go:512.34,514.3 1 52
github.com/redis/go-redis/v9/internal/pool/pool.go:516.2,517.13 2 507
github.com/redis/go-redis/v9/internal/pool/pool_single.go:13.63,18.2 1 0
github.com/redis/go-redis/v9/internal/pool/pool_single.go:20.70,22.2 1 0
github.com/redis/go-redis/v9/internal/pool/pool_single.go:24.52,26.2 1 0
github.com/redis/go-redis/v9/internal/pool/pool_single.go:28.66,29.24 1 0
github.com/redis/go-redis/v9/internal/pool/pool_single.go:29.24,31.3 1 0
github.com/redis/go-redis/v9/internal/pool/pool_single.go:32.2,32.18 1 0
github.com/redis/go-redis/v9/internal/pool/pool_single.go:35.62,35.63 0 0
github.com/redis/go-redis/v9/internal/pool/pool_single.go:37.78,40.2 2 0
github.com/redis/go-redis/v9/internal/pool/pool_single.go:42.40,46.2 3 0
github.com/redis/go-redis/v9/internal/pool/pool_single.go:48.36,50.2 1 0
github.com/redis/go-redis/v9/internal/pool/pool_single.go:52.40,54.2 1 0
github.com/redis/go-redis/v9/internal/pool/pool_single.go:56.41,58.2 1 0
github.com/redis/go-redis/v9/internal/pool/pool_sticky.go:22.38,24.22 2 0
github.com/redis/go-redis/v9/internal/pool/pool_sticky.go:24.22,26.3 1 0
github.com/redis/go-redis/v9/internal/pool/pool_sticky.go:27.2,27.10 1 0
github.com/redis/go-redis/v9/internal/pool/pool_sticky.go:30.38,32.2 1 0
github.com/redis/go-redis/v9/internal/pool/pool_sticky.go:48.53,50.9 2 0
github.com/redis/go-redis/v9/internal/pool/pool_sticky.go:50.9,55.3 1 0
github.com/redis/go-redis/v9/internal/pool/pool_sticky.go:56.2,57.10 2 0
github.com/redis/go-redis/v9/internal/pool/pool_sticky.go:60.70,62.2 1 0
github.com/redis/go-redis/v9/internal/pool/pool_sticky.go:64.52,66.2 1 0
github.com/redis/go-redis/v9/internal/pool/pool_sticky.go:68.66,70.28 1 0
github.com/redis/go-redis/v9/internal/pool/pool_sticky.go:70.28,71.38 1 0
github.com/redis/go-redis/v9/internal/pool/pool_sticky.go:72.21,74.18 2 0
github.com/redis/go-redis/v9/internal/pool/pool_sticky.go:74.18,76.5 1 0
github.com/redis/go-redis/v9/internal/pool/pool_sticky.go:77.4,77.72 1 0
github.com/redis/go-redis/v9/internal/pool/pool_sticky.go:77.72,79.5 1 0
github.com/redis/go-redis/v9/internal/pool/pool_sticky.go:80.4,80.37 1 0
github.com/redis/go-redis/v9/internal/pool/pool_sticky.go:81.20,82.43 1 0
github.com/redis/go-redis/v9/internal/pool/pool_sticky.go:82.43,84.5 1 0
github.com/redis/go-redis/v9/internal/pool/pool_sticky.go:85.4,86.11 2 0
github.com/redis/go-redis/v9/internal/pool/pool_sticky.go:86.11,88.5 1 0
github.com/redis/go-redis/v9/internal/pool/pool_sticky.go:89.4,89.18 1 0
github.com/redis/go-redis/v9/internal/pool/pool_sticky.go:90.20,91.25 1 0
github.com/redis/go-redis/v9/internal/pool/pool_sticky.go:92.11,93.24 1 0
github.com/redis/go-redis/v9/internal/pool/pool_sticky.go:96.2,96.68 1 0
github.com/redis/go-redis/v9/internal/pool/pool_sticky.go:99.61,100.15 1 0
github.com/redis/go-redis/v9/internal/pool/pool_sticky.go:100.15,101.23 1 0
github.com/redis/go-redis/v9/internal/pool/pool_sticky.go:101.23,103.4 1 0
github.com/redis/go-redis/v9/internal/pool/pool_sticky.go:105.2,105.12 1 0
github.com/redis/go-redis/v9/internal/pool/pool_sticky.go:108.66,109.41 1 0
github.com/redis/go-redis/v9/internal/pool/pool_sticky.go:109.41,111.3 1 0
github.com/redis/go-redis/v9/internal/pool/pool_sticky.go:111.8,113.3 1 0
github.com/redis/go-redis/v9/internal/pool/pool_sticky.go:116.78,117.15 1 0
github.com/redis/go-redis/v9/internal/pool/pool_sticky.go:117.15,118.23 1 0
github.com/redis/go-redis/v9/internal/pool/pool_sticky.go:118.23,120.4 1 0
github.com/redis/go-redis/v9/internal/pool/pool_sticky.go:122.2,123.12 2 0
github.com/redis/go-redis/v9/internal/pool/pool_sticky.go:126.40,127.58 1 0
github.com/redis/go-redis/v9/internal/pool/pool_sticky.go:127.58,129.3 1 0
github.com/redis/go-redis/v9/internal/pool/pool_sticky.go:131.2,131.28 1 0
github.com/redis/go-redis/v9/internal/pool/pool_sticky.go:131.28,133.27 2 0
github.com/redis/go-redis/v9/internal/pool/pool_sticky.go:133.27,135.4 1 0
github.com/redis/go-redis/v9/internal/pool/pool_sticky.go:136.3,136.64 1 0
github.com/redis/go-redis/v9/internal/pool/pool_sticky.go:136.64,139.10 3 0
github.com/redis/go-redis/v9/internal/pool/pool_sticky.go:139.10,141.5 1 0
github.com/redis/go-redis/v9/internal/pool/pool_sticky.go:142.4,142.14 1 0
github.com/redis/go-redis/v9/internal/pool/pool_sticky.go:146.2,146.65 1 0
github.com/redis/go-redis/v9/internal/pool/pool_sticky.go:149.59,150.29 1 0
github.com/redis/go-redis/v9/internal/pool/pool_sticky.go:150.29,152.3 1 0
github.com/redis/go-redis/v9/internal/pool/pool_sticky.go:154.2,154.9 1 0
github.com/redis/go-redis/v9/internal/pool/pool_sticky.go:155.24,156.10 1 0
github.com/redis/go-redis/v9/internal/pool/pool_sticky.go:156.10,158.4 1 0
github.com/redis/go-redis/v9/internal/pool/pool_sticky.go:159.3,160.52 2 0
github.com/redis/go-redis/v9/internal/pool/pool_sticky.go:161.10,162.66 1 0
github.com/redis/go-redis/v9/internal/pool/pool_sticky.go:165.2,165.71 1 0
github.com/redis/go-redis/v9/internal/pool/pool_sticky.go:165.71,168.3 2 0
github.com/redis/go-redis/v9/internal/pool/pool_sticky.go:170.2,170.12 1 0
github.com/redis/go-redis/v9/internal/pool/pool_sticky.go:173.47,174.43 1 0
github.com/redis/go-redis/v9/internal/pool/pool_sticky.go:174.43,175.50 1 0
github.com/redis/go-redis/v9/internal/pool/pool_sticky.go:175.50,177.4 1 0
github.com/redis/go-redis/v9/internal/pool/pool_sticky.go:179.2,179.12 1 0
github.com/redis/go-redis/v9/internal/pool/pool_sticky.go:182.36,183.37 1 0
github.com/redis/go-redis/v9/internal/pool/pool_sticky.go:184.20,185.11 1 0
github.com/redis/go-redis/v9/internal/pool/pool_sticky.go:186.19,187.11 1 0
github.com/redis/go-redis/v9/internal/pool/pool_sticky.go:188.19,189.11 1 0
github.com/redis/go-redis/v9/internal/pool/pool_sticky.go:190.10,191.23 1 0
github.com/redis/go-redis/v9/internal/pool/pool_sticky.go:195.40,197.2 1 0
github.com/redis/go-redis/v9/internal/pool/pool_sticky.go:199.41,201.2 1 0
github.com/redis/go-redis/v9/internal/rand/rand.go:9.16,9.39 1 0
github.com/redis/go-redis/v9/internal/rand/rand.go:13.22,13.47 1 0
github.com/redis/go-redis/v9/internal/rand/rand.go:17.28,17.55 1 0
github.com/redis/go-redis/v9/internal/rand/rand.go:20.24,20.49 1 0
github.com/redis/go-redis/v9/internal/rand/rand.go:25.20,25.38 1 0
github.com/redis/go-redis/v9/internal/rand/rand.go:34.32,39.2 4 0
github.com/redis/go-redis/v9/internal/rand/rand.go:41.35,45.2 3 0
github.com/redis/go-redis/v9/internal/rand/rand.go:50.42,50.69 1 0
github.com/redis/go-redis/v9/internal/util/strconv.go:5.34,7.2 1 0
github.com/redis/go-redis/v9/internal/util/strconv.go:9.63,11.2 1 0
github.com/redis/go-redis/v9/internal/util/strconv.go:13.65,15.2 1 0
github.com/redis/go-redis/v9/internal/util/strconv.go:17.57,19.2 1 0
github.com/redis/go-redis/v9/internal/util/type.go:3.27,5.2 1 0
github.com/redis/go-redis/v9/internal/util/unsafe.go:10.37,12.2 1 0
github.com/redis/go-redis/v9/internal/util/unsafe.go:15.37,22.2 1 0
github.com/redis/go-redis/v9/acl_commands.go:23.101,30.2 6 1
github.com/redis/go-redis/v9/acl_commands.go:32.70,35.15 3 3
github.com/redis/go-redis/v9/acl_commands.go:35.15,37.3 1 3
github.com/redis/go-redis/v9/acl_commands.go:38.2,40.12 3 3
github.com/redis/go-redis/v9/acl_commands.go:43.62,47.2 3 2
github.com/redis/go-redis/v9/acl_commands.go:49.75,53.2 3 10
github.com/redis/go-redis/v9/acl_commands.go:55.95,60.29 5 5
github.com/redis/go-redis/v9/acl_commands.go:60.29,62.3 1 23
github.com/redis/go-redis/v9/acl_commands.go:63.2,65.12 3 5
github.com/redis/go-redis/v9/acl_commands.go:68.63,72.2 3 4
github.com/redis/go-redis/v9/acl_commands.go:74.62,78.2 3 1
github.com/redis/go-redis/v9/acl_commands.go:80.87,82.46 1 1
github.com/redis/go-redis/v9/acl_commands.go:82.46,86.3 3 1
github.com/redis/go-redis/v9/acl_commands.go:88.2,88.22 1 0
github.com/redis/go-redis/v9/bitmap_commands.go:22.80,26.2 3 3
github.com/redis/go-redis/v9/bitmap_commands.go:28.91,38.2 3 31
github.com/redis/go-redis/v9/bitmap_commands.go:48.88,52.21 4 17
github.com/redis/go-redis/v9/bitmap_commands.go:52.21,54.26 2 16
github.com/redis/go-redis/v9/bitmap_commands.go:54.26,55.79 1 12
github.com/redis/go-redis/v9/bitmap_commands.go:55.79,59.5 3 0
github.com/redis/go-redis/v9/bitmap_commands.go:60.4,60.38 1 12
github.com/redis/go-redis/v9/bitmap_commands.go:63.2,65.12 3 17
github.com/redis/go-redis/v9/bitmap_commands.go:68.89,73.27 5 4
github.com/redis/go-redis/v9/bitmap_commands.go:73.27,75.3 1 7
github.com/redis/go-redis/v9/bitmap_commands.go:76.2,78.12 3 4
github.com/redis/go-redis/v9/bitmap_commands.go:81.88,83.2 1 1
github.com/redis/go-redis/v9/bitmap_commands.go:85.87,87.2 1 1
github.com/redis/go-redis/v9/bitmap_commands.go:89.88,91.2 1 1
github.com/redis/go-redis/v9/bitmap_commands.go:93.84,95.2 1 1
github.com/redis/go-redis/v9/bitmap_commands.go:99.91,104.18 5 9
github.com/redis/go-redis/v9/bitmap_commands.go:105.9,105.9 0 2
github.com/redis/go-redis/v9/bitmap_commands.go:106.9,107.19 1 4
github.com/redis/go-redis/v9/bitmap_commands.go:108.9,110.19 2 3
github.com/redis/go-redis/v9/bitmap_commands.go:111.10,112.30 1 0
github.com/redis/go-redis/v9/bitmap_commands.go:114.2,116.12 3 9
github.com/redis/go-redis/v9/bitmap_commands.go:125.111,129.2 3 2
github.com/redis/go-redis/v9/bitmap_commands.go:135.96,143.2 7 3
github.com/redis/go-redis/v9/bitmap_commands.go:148.98,152.24 4 2
github.com/redis/go-redis/v9/bitmap_commands.go:152.24,153.65 1 0
github.com/redis/go-redis/v9/bitmap_commands.go:155.2,155.38 1 2
github.com/redis/go-redis/v9/bitmap_commands.go:155.38,157.3 1 5
github.com/redis/go-redis/v9/bitmap_commands.go:158.2,160.12 3 2
github.com/redis/go-redis/v9/cluster_commands.go:32.67,36.2 3 1
github.com/redis/go-redis/v9/cluster_commands.go:38.69,42.2 3 449
github.com/redis/go-redis/v9/cluster_commands.go:44.71,48.2 3 1
github.com/redis/go-redis/v9/cluster_commands.go:50.69,54.2 3 1
github.com/redis/go-redis/v9/cluster_commands.go:56.63,60.2 3 17
github.com/redis/go-redis/v9/cluster_commands.go:62.81,66.2 3 6
github.com/redis/go-redis/v9/cluster_commands.go:68.79,72.2 3 18
github.com/redis/go-redis/v9/cluster_commands.go:74.82,78.2 3 3
github.com/redis/go-redis/v9/cluster_commands.go:80.67,84.2 3 0
github.com/redis/go-redis/v9/cluster_commands.go:86.67,90.2 3 0
github.com/redis/go-redis/v9/cluster_commands.go:92.62,96.2 3 1
github.com/redis/go-redis/v9/cluster_commands.go:98.74,102.2 3 1
github.com/redis/go-redis/v9/cluster_commands.go:104.97,108.2 3 1
github.com/redis/go-redis/v9/cluster_commands.go:110.89,114.2 3 1
github.com/redis/go-redis/v9/cluster_commands.go:116.80,120.2 3 1
github.com/redis/go-redis/v9/cluster_commands.go:122.80,126.29 4 0
github.com/redis/go-redis/v9/cluster_commands.go:126.29,128.3 1 0
github.com/redis/go-redis/v9/cluster_commands.go:129.2,131.12 3 0
github.com/redis/go-redis/v9/cluster_commands.go:134.85,137.28 3 0
github.com/redis/go-redis/v9/cluster_commands.go:137.28,139.3 1 0
github.com/redis/go-redis/v9/cluster_commands.go:140.2,140.41 1 0
github.com/redis/go-redis/v9/cluster_commands.go:143.68,147.2 3 1
github.com/redis/go-redis/v9/cluster_commands.go:149.84,153.2 3 1
github.com/redis/go-redis/v9/cluster_commands.go:155.66,159.2 3 0
github.com/redis/go-redis/v9/cluster_commands.go:161.80,165.28 4 3
github.com/redis/go-redis/v9/cluster_commands.go:165.28,167.3 1 16384
github.com/redis/go-redis/v9/cluster_commands.go:168.2,170.12 3 3
github.com/redis/go-redis/v9/cluster_commands.go:173.85,176.28 3 3
github.com/redis/go-redis/v9/cluster_commands.go:176.28,178.3 1 16384
github.com/redis/go-redis/v9/cluster_commands.go:179.2,179.41 1 3
github.com/redis/go-redis/v9/cluster_commands.go:182.59,186.2 3 178
github.com/redis/go-redis/v9/cluster_commands.go:188.60,192.2 3 48
github.com/redis/go-redis/v9/command.go:48.40,49.27 1 46134
github.com/redis/go-redis/v9/command.go:49.27,50.23 1 138400
github.com/redis/go-redis/v9/command.go:50.23,52.4 1 138400
github.com/redis/go-redis/v9/command.go:56.39,57.27 1 17069
github.com/redis/go-redis/v9/command.go:57.27,58.35 1 84120
github.com/redis/go-redis/v9/command.go:58.35,60.4 1 13
github.com/redis/go-redis/v9/command.go:62.2,62.12 1 17056
github.com/redis/go-redis/v9/command.go:65.54,66.27 1 63308
github.com/redis/go-redis/v9/command.go:66.27,67.43 1 222446
github.com/redis/go-redis/v9/command.go:67.43,69.4 1 0
github.com/redis/go-redis/v9/command.go:71.2,71.12 1 63308
github.com/redis/go-redis/v9/command.go:74.50,76.2 1 518615
github.com/redis/go-redis/v9/command.go:78.36,79.40 1 33502
github.com/redis/go-redis/v9/command.go:79.40,81.3 1 617
github.com/redis/go-redis/v9/command.go:83.2,83.20 1 32885
github.com/redis/go-redis/v9/command.go:84.50,85.30 1 0
github.com/redis/go-redis/v9/command.go:85.30,87.4 1 0
github.com/redis/go-redis/v9/command.go:89.3,89.11 1 0
github.com/redis/go-redis/v9/command.go:90.17,91.11 1 10
github.com/redis/go-redis/v9/command.go:92.16,94.34 1 0
github.com/redis/go-redis/v9/command.go:94.34,96.4 1 0
github.com/redis/go-redis/v9/command.go:98.2,98.10 1 32875
github.com/redis/go-redis/v9/command.go:101.51,104.33 2 40
github.com/redis/go-redis/v9/command.go:104.33,105.12 1 45
github.com/redis/go-redis/v9/command.go:105.12,107.4 1 5
github.com/redis/go-redis/v9/command.go:108.3,108.33 1 45
github.com/redis/go-redis/v9/command.go:111.2,111.34 1 40
github.com/redis/go-redis/v9/command.go:111.34,114.3 2 0
github.com/redis/go-redis/v9/command.go:114.8,114.23 1 40
github.com/redis/go-redis/v9/command.go:114.23,117.3 2 40
github.com/redis/go-redis/v9/command.go:119.2,119.30 1 40
github.com/redis/go-redis/v9/command.go:135.35,136.24 1 65188
github.com/redis/go-redis/v9/command.go:136.24,138.3 1 0
github.com/redis/go-redis/v9/command.go:140.2,140.43 1 65188
github.com/redis/go-redis/v9/command.go:143.39,144.34 1 0
github.com/redis/go-redis/v9/command.go:145.28,146.25 1 0
github.com/redis/go-redis/v9/command.go:146.25,148.4 1 0
github.com/redis/go-redis/v9/command.go:149.3,149.41 1 0
github.com/redis/go-redis/v9/command.go:149.41,151.4 1 0
github.com/redis/go-redis/v9/command.go:152.3,152.14 1 0
github.com/redis/go-redis/v9/command.go:153.10,154.14 1 0
github.com/redis/go-redis/v9/command.go:158.42,160.2 1 551235
github.com/redis/go-redis/v9/command.go:162.47,163.37 1 98690
github.com/redis/go-redis/v9/command.go:163.37,165.3 1 1044
github.com/redis/go-redis/v9/command.go:166.2,167.25 2 97646
github.com/redis/go-redis/v9/command.go:168.14,169.11 1 97640
github.com/redis/go-redis/v9/command.go:170.14,171.19 1 6
github.com/redis/go-redis/v9/command.go:172.10,174.23 1 0
github.com/redis/go-redis/v9/command.go:178.40,180.2 1 33502
github.com/redis/go-redis/v9/command.go:182.49,184.2 1 697
github.com/redis/go-redis/v9/command.go:186.37,188.2 1 528699
github.com/redis/go-redis/v9/command.go:190.33,192.2 1 471713
github.com/redis/go-redis/v9/command.go:194.50,196.2 1 316309
github.com/redis/go-redis/v9/command.go:198.53,200.2 1 59
github.com/redis/go-redis/v9/command.go:202.64,205.2 2 21
github.com/redis/go-redis/v9/command.go:215.60,222.2 1 858
github.com/redis/go-redis/v9/command.go:224.33,226.2 1 0
github.com/redis/go-redis/v9/command.go:228.41,230.2 1 0
github.com/redis/go-redis/v9/command.go:232.35,234.2 1 236
github.com/redis/go-redis/v9/command.go:236.47,238.2 1 36
github.com/redis/go-redis/v9/command.go:240.40,241.20 1 2
github.com/redis/go-redis/v9/command.go:241.20,243.3 1 1
github.com/redis/go-redis/v9/command.go:244.2,244.26 1 1
github.com/redis/go-redis/v9/command.go:247.48,248.27 1 1
github.com/redis/go-redis/v9/command.go:249.14,250.18 1 1
github.com/redis/go-redis/v9/command.go:251.10,253.17 2 0
github.com/redis/go-redis/v9/command.go:257.36,258.20 1 1
github.com/redis/go-redis/v9/command.go:258.20,260.3 1 0
github.com/redis/go-redis/v9/command.go:261.2,261.31 1 1
github.com/redis/go-redis/v9/command.go:262.13,263.23 1 1
github.com/redis/go-redis/v9/command.go:264.14,265.27 1 0
github.com/redis/go-redis/v9/command.go:266.10,268.16 2 0
github.com/redis/go-redis/v9/command.go:272.40,273.20 1 0
github.com/redis/go-redis/v9/command.go:273.20,275.3 1 0
github.com/redis/go-redis/v9/command.go:276.2,276.25 1 0
github.com/redis/go-redis/v9/command.go:279.46,280.27 1 0
github.com/redis/go-redis/v9/command.go:281.13,282.18 1 0
github.com/redis/go-redis/v9/command.go:283.14,284.39 1 0
github.com/redis/go-redis/v9/command.go:285.10,287.16 2 0
github.com/redis/go-redis/v9/command.go:291.42,292.20 1 0
github.com/redis/go-redis/v9/command.go:292.20,294.3 1 0
github.com/redis/go-redis/v9/command.go:295.2,295.26 1 0
github.com/redis/go-redis/v9/command.go:298.48,299.27 1 0
github.com/redis/go-redis/v9/command.go:300.13,301.26 1 0
github.com/redis/go-redis/v9/command.go:302.14,303.40 1 0
github.com/redis/go-redis/v9/command.go:304.10,306.16 2 0
github.com/redis/go-redis/v9/command.go:310.44,311.20 1 0
github.com/redis/go-redis/v9/command.go:311.20,313.3 1 0
github.com/redis/go-redis/v9/command.go:314.2,314.27 1 0
github.com/redis/go-redis/v9/command.go:317.50,318.27 1 0
github.com/redis/go-redis/v9/command.go:319.13,320.27 1 0
github.com/redis/go-redis/v9/command.go:321.14,323.17 2 0
github.com/redis/go-redis/v9/command.go:323.17,325.4 1 0
github.com/redis/go-redis/v9/command.go:326.3,326.25 1 0
github.com/redis/go-redis/v9/command.go:327.10,329.16 2 0
github.com/redis/go-redis/v9/command.go:333.44,334.20 1 0
github.com/redis/go-redis/v9/command.go:334.20,336.3 1 0
github.com/redis/go-redis/v9/command.go:337.2,337.27 1 0
github.com/redis/go-redis/v9/command.go:340.50,341.27 1 0
github.com/redis/go-redis/v9/command.go:342.13,343.27 1 0
github.com/redis/go-redis/v9/command.go:344.14,345.37 1 0
github.com/redis/go-redis/v9/command.go:346.10,348.16 2 0
github.com/redis/go-redis/v9/command.go:352.38,353.20 1 0
github.com/redis/go-redis/v9/command.go:353.20,355.3 1 0
github.com/redis/go-redis/v9/command.go:356.2,356.24 1 0
github.com/redis/go-redis/v9/command.go:359.44,360.27 1 0
github.com/redis/go-redis/v9/command.go:361.12,362.18 1 0
github.com/redis/go-redis/v9/command.go:363.13,364.23 1 0
github.com/redis/go-redis/v9/command.go:365.14,366.32 1 0
github.com/redis/go-redis/v9/command.go:367.10,369.20 2 0
github.com/redis/go-redis/v9/command.go:373.48,374.20 1 0
github.com/redis/go-redis/v9/command.go:374.20,376.3 1 0
github.com/redis/go-redis/v9/command.go:377.2,377.31 1 0
github.com/redis/go-redis/v9/command.go:378.21,379.18 1 0
github.com/redis/go-redis/v9/command.go:380.10,381.69 1 0
github.com/redis/go-redis/v9/command.go:385.49,387.16 2 0
github.com/redis/go-redis/v9/command.go:387.16,389.3 1 0
github.com/redis/go-redis/v9/command.go:391.2,392.30 2 0
github.com/redis/go-redis/v9/command.go:392.30,394.17 2 0
github.com/redis/go-redis/v9/command.go:394.17,396.4 1 0
github.com/redis/go-redis/v9/command.go:397.3,397.14 1 0
github.com/redis/go-redis/v9/command.go:399.2,399.16 1 0
github.com/redis/go-redis/v9/command.go:402.47,404.16 2 0
github.com/redis/go-redis/v9/command.go:404.16,406.3 1 0
github.com/redis/go-redis/v9/command.go:408.2,409.30 2 0
github.com/redis/go-redis/v9/command.go:409.30,411.17 2 0
github.com/redis/go-redis/v9/command.go:411.17,413.4 1 0
github.com/redis/go-redis/v9/command.go:414.3,414.16 1 0
github.com/redis/go-redis/v9/command.go:416.2,416.18 1 0
github.com/redis/go-redis/v9/command.go:419.49,421.16 2 0
github.com/redis/go-redis/v9/command.go:421.16,423.3 1 0
github.com/redis/go-redis/v9/command.go:425.2,426.30 2 0
github.com/redis/go-redis/v9/command.go:426.30,428.17 2 0
github.com/redis/go-redis/v9/command.go:428.17,430.4 1 0
github.com/redis/go-redis/v9/command.go:431.3,431.16 1 0
github.com/redis/go-redis/v9/command.go:433.2,433.18 1 0
github.com/redis/go-redis/v9/command.go:436.51,438.16 2 0
github.com/redis/go-redis/v9/command.go:438.16,440.3 1 0
github.com/redis/go-redis/v9/command.go:442.2,443.30 2 0
github.com/redis/go-redis/v9/command.go:443.30,445.17 2 0
github.com/redis/go-redis/v9/command.go:445.17,447.4 1 0
github.com/redis/go-redis/v9/command.go:448.3,448.18 1 0
github.com/redis/go-redis/v9/command.go:450.2,450.20 1 0
github.com/redis/go-redis/v9/command.go:453.51,455.16 2 0
github.com/redis/go-redis/v9/command.go:455.16,457.3 1 0
github.com/redis/go-redis/v9/command.go:459.2,460.30 2 0
github.com/redis/go-redis/v9/command.go:460.30,462.17 2 0
github.com/redis/go-redis/v9/command.go:462.17,464.4 1 0
github.com/redis/go-redis/v9/command.go:465.3,465.18 1 0
github.com/redis/go-redis/v9/command.go:467.2,467.20 1 0
github.com/redis/go-redis/v9/command.go:470.45,472.16 2 0
github.com/redis/go-redis/v9/command.go:472.16,474.3 1 0
github.com/redis/go-redis/v9/command.go:476.2,477.30 2 0
github.com/redis/go-redis/v9/command.go:477.30,479.17 2 0
github.com/redis/go-redis/v9/command.go:479.17,481.4 1 0
github.com/redis/go-redis/v9/command.go:482.3,482.17 1 0
github.com/redis/go-redis/v9/command.go:484.2,484.19 1 0
github.com/redis/go-redis/v9/command.go:487.57,490.2 2 943
github.com/redis/go-redis/v9/command.go:502.70,509.2 1 58365
github.com/redis/go-redis/v9/command.go:511.48,513.2 1 0
github.com/redis/go-redis/v9/command.go:515.42,517.2 1 8
github.com/redis/go-redis/v9/command.go:519.54,521.2 1 20
github.com/redis/go-redis/v9/command.go:523.38,525.2 1 0
github.com/redis/go-redis/v9/command.go:529.50,530.20 1 3
github.com/redis/go-redis/v9/command.go:530.20,532.3 1 0
github.com/redis/go-redis/v9/command.go:536.2,537.28 2 3
github.com/redis/go-redis/v9/command.go:537.28,539.3 1 1
github.com/redis/go-redis/v9/command.go:539.8,542.3 1 2
github.com/redis/go-redis/v9/command.go:544.2,544.39 1 3
github.com/redis/go-redis/v9/command.go:547.62,550.2 2 29
github.com/redis/go-redis/v9/command.go:562.72,569.2 1 283148
github.com/redis/go-redis/v9/command.go:571.42,573.2 1 0
github.com/redis/go-redis/v9/command.go:575.36,577.2 1 3208
github.com/redis/go-redis/v9/command.go:579.48,581.2 1 1395
github.com/redis/go-redis/v9/command.go:583.47,585.2 1 0
github.com/redis/go-redis/v9/command.go:587.39,589.2 1 39
github.com/redis/go-redis/v9/command.go:591.63,594.2 2 333813
github.com/redis/go-redis/v9/command.go:606.66,613.2 1 69263
github.com/redis/go-redis/v9/command.go:615.38,617.2 1 0
github.com/redis/go-redis/v9/command.go:619.32,621.2 1 268
github.com/redis/go-redis/v9/command.go:623.44,625.2 1 3088
github.com/redis/go-redis/v9/command.go:627.45,629.2 1 0
github.com/redis/go-redis/v9/command.go:631.36,633.2 1 0
github.com/redis/go-redis/v9/command.go:635.60,638.2 2 69166
github.com/redis/go-redis/v9/command.go:650.76,657.2 1 101
github.com/redis/go-redis/v9/command.go:659.45,661.2 1 0
github.com/redis/go-redis/v9/command.go:663.39,665.2 1 10
github.com/redis/go-redis/v9/command.go:667.51,669.2 1 81
github.com/redis/go-redis/v9/command.go:671.41,673.2 1 0
github.com/redis/go-redis/v9/command.go:675.59,677.16 2 101
github.com/redis/go-redis/v9/command.go:677.16,679.3 1 2
github.com/redis/go-redis/v9/command.go:680.2,681.36 2 99
github.com/redis/go-redis/v9/command.go:681.36,682.49 1 193
github.com/redis/go-redis/v9/command.go:682.49,684.4 1 0
github.com/redis/go-redis/v9/command.go:686.2,686.12 1 99
github.com/redis/go-redis/v9/command.go:700.101,708.2 1 95
github.com/redis/go-redis/v9/command.go:710.51,712.2 1 0
github.com/redis/go-redis/v9/command.go:714.45,716.2 1 94
github.com/redis/go-redis/v9/command.go:718.57,720.2 1 1
github.com/redis/go-redis/v9/command.go:722.41,724.2 1 0
github.com/redis/go-redis/v9/command.go:726.59,728.16 2 104
github.com/redis/go-redis/v9/command.go:728.16,730.3 1 9
github.com/redis/go-redis/v9/command.go:731.2,731.11 1 95
github.com/redis/go-redis/v9/command.go:734.14,735.29 1 7
github.com/redis/go-redis/v9/command.go:736.10,737.45 1 88
github.com/redis/go-redis/v9/command.go:739.2,739.12 1 95
github.com/redis/go-redis/v9/command.go:752.68,759.2 1 1
github.com/redis/go-redis/v9/command.go:761.43,763.2 1 0
github.com/redis/go-redis/v9/command.go:765.37,767.2 1 0
github.com/redis/go-redis/v9/command.go:769.49,771.2 1 1
github.com/redis/go-redis/v9/command.go:773.37,775.2 1 0
github.com/redis/go-redis/v9/command.go:777.55,778.48 1 1
github.com/redis/go-redis/v9/command.go:778.48,780.3 1 0
github.com/redis/go-redis/v9/command.go:781.2,782.16 2 1
github.com/redis/go-redis/v9/command.go:782.16,784.3 1 0
github.com/redis/go-redis/v9/command.go:785.2,786.16 2 1
github.com/redis/go-redis/v9/command.go:786.16,788.3 1 0
github.com/redis/go-redis/v9/command.go:789.2,790.12 2 1
github.com/redis/go-redis/v9/command.go:803.68,810.2 1 4776
github.com/redis/go-redis/v9/command.go:812.38,814.2 1 0
github.com/redis/go-redis/v9/command.go:816.32,818.2 1 26
github.com/redis/go-redis/v9/command.go:820.44,822.2 1 42
github.com/redis/go-redis/v9/command.go:824.37,826.2 1 0
github.com/redis/go-redis/v9/command.go:828.61,833.16 2 4780
github.com/redis/go-redis/v9/command.go:833.16,836.3 2 4
github.com/redis/go-redis/v9/command.go:837.2,837.12 1 4780
github.com/redis/go-redis/v9/command.go:850.72,857.2 1 99491
github.com/redis/go-redis/v9/command.go:859.42,861.2 1 0
github.com/redis/go-redis/v9/command.go:863.36,865.2 1 15856
github.com/redis/go-redis/v9/command.go:867.48,869.2 1 83187
github.com/redis/go-redis/v9/command.go:871.47,873.2 1 401
github.com/redis/go-redis/v9/command.go:875.44,876.20 1 0
github.com/redis/go-redis/v9/command.go:876.20,878.3 1 0
github.com/redis/go-redis/v9/command.go:879.2,879.35 1 0
github.com/redis/go-redis/v9/command.go:882.42,883.20 1 449
github.com/redis/go-redis/v9/command.go:883.20,885.3 1 6
github.com/redis/go-redis/v9/command.go:886.2,886.32 1 443
github.com/redis/go-redis/v9/command.go:889.46,890.20 1 13644
github.com/redis/go-redis/v9/command.go:890.20,892.3 1 12
github.com/redis/go-redis/v9/command.go:893.2,893.44 1 13632
github.com/redis/go-redis/v9/command.go:896.48,897.20 1 1
github.com/redis/go-redis/v9/command.go:897.20,899.3 1 0
github.com/redis/go-redis/v9/command.go:900.2,900.45 1 1
github.com/redis/go-redis/v9/command.go:903.50,904.20 1 1
github.com/redis/go-redis/v9/command.go:904.20,906.3 1 0
github.com/redis/go-redis/v9/command.go:907.2,908.16 2 1
github.com/redis/go-redis/v9/command.go:908.16,910.3 1 0
github.com/redis/go-redis/v9/command.go:911.2,911.24 1 1
github.com/redis/go-redis/v9/command.go:914.50,915.20 1 1
github.com/redis/go-redis/v9/command.go:915.20,917.3 1 0
github.com/redis/go-redis/v9/command.go:918.2,918.42 1 1
[...]
github.com/redis/go-redis/v9/timeseries_commands.go:271.3,271.28 1 48
github.com/redis/go-redis/v9/timeseries_commands.go:271.28,273.45 2 30
github.com/redis/go-redis/v9/timeseries_commands.go:273.45,275.5 1 46
github.com/redis/go-redis/v9/timeseries_commands.go:277.3,277.70 1 48
github.com/redis/go-redis/v9/timeseries_commands.go:277.70,279.4 1 4
github.com/redis/go-redis/v9/timeseries_commands.go:281.2,283.12 3 48
github.com/redis/go-redis/v9/timeseries_commands.go:290.95,292.20 2 8
github.com/redis/go-redis/v9/timeseries_commands.go:292.20,293.29 1 8
github.com/redis/go-redis/v9/timeseries_commands.go:293.29,295.4 1 2
github.com/redis/go-redis/v9/timeseries_commands.go:296.3,296.29 1 8
github.com/redis/go-redis/v9/timeseries_commands.go:296.29,298.4 1 0
github.com/redis/go-redis/v9/timeseries_commands.go:299.3,299.36 1 8
github.com/redis/go-redis/v9/timeseries_commands.go:299.36,301.4 1 4
github.com/redis/go-redis/v9/timeseries_commands.go:302.3,302.28 1 8
github.com/redis/go-redis/v9/timeseries_commands.go:302.28,304.45 2 2
github.com/redis/go-redis/v9/timeseries_commands.go:304.45,306.5 1 2
github.com/redis/go-redis/v9/timeseries_commands.go:308.3,308.70 1 8
github.com/redis/go-redis/v9/timeseries_commands.go:308.70,310.4 1 2
github.com/redis/go-redis/v9/timeseries_commands.go:312.2,314.12 3 8
github.com/redis/go-redis/v9/timeseries_commands.go:319.140,324.2 4 18
github.com/redis/go-redis/v9/timeseries_commands.go:330.178,332.20 2 0
github.com/redis/go-redis/v9/timeseries_commands.go:332.20,333.34 1 0
github.com/redis/go-redis/v9/timeseries_commands.go:333.34,335.4 1 0
github.com/redis/go-redis/v9/timeseries_commands.go:337.2,339.12 3 0
github.com/redis/go-redis/v9/timeseries_commands.go:344.87,349.2 4 200
github.com/redis/go-redis/v9/timeseries_commands.go:355.123,357.20 2 12
github.com/redis/go-redis/v9/timeseries_commands.go:357.20,358.29 1 12
github.com/redis/go-redis/v9/timeseries_commands.go:358.29,360.4 1 10
github.com/redis/go-redis/v9/timeseries_commands.go:361.3,361.29 1 12
github.com/redis/go-redis/v9/timeseries_commands.go:361.29,363.4 1 0
github.com/redis/go-redis/v9/timeseries_commands.go:364.3,364.29 1 12
github.com/redis/go-redis/v9/timeseries_commands.go:364.29,366.4 1 2
github.com/redis/go-redis/v9/timeseries_commands.go:367.3,367.27 1 12
github.com/redis/go-redis/v9/timeseries_commands.go:367.27,369.4 1 0
github.com/redis/go-redis/v9/timeseries_commands.go:370.3,370.36 1 12
github.com/redis/go-redis/v9/timeseries_commands.go:370.36,372.4 1 2
github.com/redis/go-redis/v9/timeseries_commands.go:373.3,373.28 1 12
github.com/redis/go-redis/v9/timeseries_commands.go:373.28,375.45 2 0
github.com/redis/go-redis/v9/timeseries_commands.go:375.45,377.5 1 0
github.com/redis/go-redis/v9/timeseries_commands.go:379.3,379.70 1 12
github.com/redis/go-redis/v9/timeseries_commands.go:379.70,381.4 1 2
github.com/redis/go-redis/v9/timeseries_commands.go:383.2,385.12 3 12
github.com/redis/go-redis/v9/timeseries_commands.go:390.87,395.2 4 200
github.com/redis/go-redis/v9/timeseries_commands.go:401.123,403.20 2 10
github.com/redis/go-redis/v9/timeseries_commands.go:403.20,404.29 1 10
github.com/redis/go-redis/v9/timeseries_commands.go:404.29,406.4 1 8
github.com/redis/go-redis/v9/timeseries_commands.go:407.3,407.29 1 10
github.com/redis/go-redis/v9/timeseries_commands.go:407.29,409.4 1 0
github.com/redis/go-redis/v9/timeseries_commands.go:410.3,410.29 1 10
github.com/redis/go-redis/v9/timeseries_commands.go:410.29,412.4 1 2
github.com/redis/go-redis/v9/timeseries_commands.go:413.3,413.27 1 10
github.com/redis/go-redis/v9/timeseries_commands.go:413.27,415.4 1 0
github.com/redis/go-redis/v9/timeseries_commands.go:416.3,416.36 1 10
github.com/redis/go-redis/v9/timeseries_commands.go:416.36,418.4 1 2
github.com/redis/go-redis/v9/timeseries_commands.go:419.3,419.28 1 10
github.com/redis/go-redis/v9/timeseries_commands.go:419.28,421.45 2 0
github.com/redis/go-redis/v9/timeseries_commands.go:421.45,423.5 1 0
github.com/redis/go-redis/v9/timeseries_commands.go:425.3,425.70 1 10
github.com/redis/go-redis/v9/timeseries_commands.go:425.70,427.4 1 2
github.com/redis/go-redis/v9/timeseries_commands.go:429.2,431.12 3 10
github.com/redis/go-redis/v9/timeseries_commands.go:436.101,441.2 4 2
github.com/redis/go-redis/v9/timeseries_commands.go:445.97,450.2 4 2
github.com/redis/go-redis/v9/timeseries_commands.go:456.109,458.20 2 2
github.com/redis/go-redis/v9/timeseries_commands.go:458.20,459.21 1 2
github.com/redis/go-redis/v9/timeseries_commands.go:459.21,461.4 1 2
github.com/redis/go-redis/v9/timeseries_commands.go:463.2,465.12 3 2
github.com/redis/go-redis/v9/timeseries_commands.go:470.78,475.2 4 24
github.com/redis/go-redis/v9/timeseries_commands.go:486.92,493.2 1 26
github.com/redis/go-redis/v9/timeseries_commands.go:495.49,497.2 1 0
github.com/redis/go-redis/v9/timeseries_commands.go:499.62,501.2 1 0
github.com/redis/go-redis/v9/timeseries_commands.go:503.68,505.2 1 26
github.com/redis/go-redis/v9/timeseries_commands.go:507.56,509.2 1 0
github.com/redis/go-redis/v9/timeseries_commands.go:511.73,513.16 2 26
github.com/redis/go-redis/v9/timeseries_commands.go:513.16,515.3 1 0
github.com/redis/go-redis/v9/timeseries_commands.go:516.2,517.25 2 26
github.com/redis/go-redis/v9/timeseries_commands.go:517.25,519.17 2 26
github.com/redis/go-redis/v9/timeseries_commands.go:519.17,521.4 1 0
github.com/redis/go-redis/v9/timeseries_commands.go:522.3,523.17 2 26
github.com/redis/go-redis/v9/timeseries_commands.go:523.17,525.4 1 0
github.com/redis/go-redis/v9/timeseries_commands.go:526.3,528.17 3 26
github.com/redis/go-redis/v9/timeseries_commands.go:528.17,530.4 1 0
github.com/redis/go-redis/v9/timeseries_commands.go:533.2,533.12 1 26
github.com/redis/go-redis/v9/timeseries_commands.go:538.81,543.2 4 36
github.com/redis/go-redis/v9/timeseries_commands.go:549.113,551.20 2 0
github.com/redis/go-redis/v9/timeseries_commands.go:551.20,552.20 1 0
github.com/redis/go-redis/v9/timeseries_commands.go:552.20,554.4 1 0
github.com/redis/go-redis/v9/timeseries_commands.go:556.2,558.12 3 0
github.com/redis/go-redis/v9/timeseries_commands.go:565.86,567.32 2 2
github.com/redis/go-redis/v9/timeseries_commands.go:567.32,569.3 1 6
github.com/redis/go-redis/v9/timeseries_commands.go:570.2,572.12 3 2
github.com/redis/go-redis/v9/timeseries_commands.go:577.89,579.31 2 4
github.com/redis/go-redis/v9/timeseries_commands.go:579.31,581.3 1 4
github.com/redis/go-redis/v9/timeseries_commands.go:582.2,584.12 3 4
github.com/redis/go-redis/v9/timeseries_commands.go:589.124,594.2 4 0
github.com/redis/go-redis/v9/timeseries_commands.go:601.160,603.20 2 24
github.com/redis/go-redis/v9/timeseries_commands.go:603.20,604.21 1 24
github.com/redis/go-redis/v9/timeseries_commands.go:604.21,606.4 1 4
github.com/redis/go-redis/v9/timeseries_commands.go:607.3,607.32 1 24
github.com/redis/go-redis/v9/timeseries_commands.go:607.32,609.41 2 2
github.com/redis/go-redis/v9/timeseries_commands.go:609.41,611.5 1 20
github.com/redis/go-redis/v9/timeseries_commands.go:613.3,613.35 1 24
github.com/redis/go-redis/v9/timeseries_commands.go:613.35,615.44 2 2
github.com/redis/go-redis/v9/timeseries_commands.go:615.44,617.5 1 4
github.com/redis/go-redis/v9/timeseries_commands.go:619.3,619.25 1 24
github.com/redis/go-redis/v9/timeseries_commands.go:619.25,621.4 1 2
github.com/redis/go-redis/v9/timeseries_commands.go:622.3,622.27 1 24
github.com/redis/go-redis/v9/timeseries_commands.go:622.27,624.4 1 12
github.com/redis/go-redis/v9/timeseries_commands.go:625.3,625.30 1 24
github.com/redis/go-redis/v9/timeseries_commands.go:625.30,627.4 1 16
github.com/redis/go-redis/v9/timeseries_commands.go:628.3,628.34 1 24
github.com/redis/go-redis/v9/timeseries_commands.go:628.34,630.4 1 16
github.com/redis/go-redis/v9/timeseries_commands.go:631.3,631.37 1 24
github.com/redis/go-redis/v9/timeseries_commands.go:631.37,633.4 1 2
github.com/redis/go-redis/v9/timeseries_commands.go:634.3,634.20 1 24
github.com/redis/go-redis/v9/timeseries_commands.go:634.20,636.4 1 2
github.com/redis/go-redis/v9/timeseries_commands.go:638.2,640.12 3 24
github.com/redis/go-redis/v9/timeseries_commands.go:645.121,650.2 4 32
github.com/redis/go-redis/v9/timeseries_commands.go:657.154,659.20 2 18
github.com/redis/go-redis/v9/timeseries_commands.go:659.20,660.21 1 18
github.com/redis/go-redis/v9/timeseries_commands.go:660.21,662.4 1 2
github.com/redis/go-redis/v9/timeseries_commands.go:663.3,663.32 1 18
github.com/redis/go-redis/v9/timeseries_commands.go:663.32,665.41 2 2
github.com/redis/go-redis/v9/timeseries_commands.go:665.41,667.5 1 20
github.com/redis/go-redis/v9/timeseries_commands.go:669.3,669.35 1 18
github.com/redis/go-redis/v9/timeseries_commands.go:669.35,671.44 2 2
github.com/redis/go-redis/v9/timeseries_commands.go:671.44,673.5 1 4
github.com/redis/go-redis/v9/timeseries_commands.go:675.3,675.25 1 18
github.com/redis/go-redis/v9/timeseries_commands.go:675.25,677.4 1 0
github.com/redis/go-redis/v9/timeseries_commands.go:678.3,678.27 1 18
github.com/redis/go-redis/v9/timeseries_commands.go:678.27,680.4 1 12
github.com/redis/go-redis/v9/timeseries_commands.go:681.3,681.30 1 18
github.com/redis/go-redis/v9/timeseries_commands.go:681.30,683.4 1 14
github.com/redis/go-redis/v9/timeseries_commands.go:684.3,684.34 1 18
github.com/redis/go-redis/v9/timeseries_commands.go:684.34,686.4 1 14
github.com/redis/go-redis/v9/timeseries_commands.go:687.3,687.37 1 18
github.com/redis/go-redis/v9/timeseries_commands.go:687.37,689.4 1 2
github.com/redis/go-redis/v9/timeseries_commands.go:690.3,690.20 1 18
github.com/redis/go-redis/v9/timeseries_commands.go:690.20,692.4 1 2
github.com/redis/go-redis/v9/timeseries_commands.go:694.2,696.12 3 18
github.com/redis/go-redis/v9/timeseries_commands.go:704.102,711.2 1 74
github.com/redis/go-redis/v9/timeseries_commands.go:713.54,715.2 1 0
github.com/redis/go-redis/v9/timeseries_commands.go:717.69,719.2 1 0
github.com/redis/go-redis/v9/timeseries_commands.go:721.75,723.2 1 74
github.com/redis/go-redis/v9/timeseries_commands.go:725.63,727.2 1 0
github.com/redis/go-redis/v9/timeseries_commands.go:729.78,731.16 2 74
github.com/redis/go-redis/v9/timeseries_commands.go:731.16,733.3 1 0
github.com/redis/go-redis/v9/timeseries_commands.go:734.2,735.25 2 74
github.com/redis/go-redis/v9/timeseries_commands.go:735.25,738.17 3 1408
github.com/redis/go-redis/v9/timeseries_commands.go:738.17,740.4 1 0
github.com/redis/go-redis/v9/timeseries_commands.go:741.3,742.17 2 1408
github.com/redis/go-redis/v9/timeseries_commands.go:742.17,744.4 1 0
github.com/redis/go-redis/v9/timeseries_commands.go:745.3,747.17 3 1408
github.com/redis/go-redis/v9/timeseries_commands.go:747.17,749.4 1 0
github.com/redis/go-redis/v9/timeseries_commands.go:752.2,752.12 1 74
github.com/redis/go-redis/v9/timeseries_commands.go:757.133,759.31 2 2
github.com/redis/go-redis/v9/timeseries_commands.go:759.31,761.3 1 2
github.com/redis/go-redis/v9/timeseries_commands.go:762.2,764.12 3 2
github.com/redis/go-redis/v9/timeseries_commands.go:773.167,775.20 2 22
github.com/redis/go-redis/v9/timeseries_commands.go:775.20,776.21 1 22
github.com/redis/go-redis/v9/timeseries_commands.go:776.21,778.4 1 2
github.com/redis/go-redis/v9/timeseries_commands.go:779.3,779.32 1 22
github.com/redis/go-redis/v9/timeseries_commands.go:779.32,781.41 2 2
github.com/redis/go-redis/v9/timeseries_commands.go:781.41,783.5 1 20
github.com/redis/go-redis/v9/timeseries_commands.go:785.3,785.35 1 22
github.com/redis/go-redis/v9/timeseries_commands.go:785.35,787.44 2 2
github.com/redis/go-redis/v9/timeseries_commands.go:787.44,789.5 1 4
github.com/redis/go-redis/v9/timeseries_commands.go:791.3,791.25 1 22
github.com/redis/go-redis/v9/timeseries_commands.go:791.25,793.4 1 2
github.com/redis/go-redis/v9/timeseries_commands.go:794.3,794.36 1 22
github.com/redis/go-redis/v9/timeseries_commands.go:794.36,797.4 2 2
github.com/redis/go-redis/v9/timeseries_commands.go:798.3,798.25 1 22
github.com/redis/go-redis/v9/timeseries_commands.go:798.25,800.4 1 2
github.com/redis/go-redis/v9/timeseries_commands.go:801.3,801.27 1 22
github.com/redis/go-redis/v9/timeseries_commands.go:801.27,803.4 1 4
github.com/redis/go-redis/v9/timeseries_commands.go:804.3,804.30 1 22
github.com/redis/go-redis/v9/timeseries_commands.go:804.30,806.4 1 6
github.com/redis/go-redis/v9/timeseries_commands.go:807.3,807.34 1 22
github.com/redis/go-redis/v9/timeseries_commands.go:807.34,809.4 1 6
github.com/redis/go-redis/v9/timeseries_commands.go:810.3,810.37 1 22
github.com/redis/go-redis/v9/timeseries_commands.go:810.37,812.4 1 0
github.com/redis/go-redis/v9/timeseries_commands.go:813.3,813.20 1 22
github.com/redis/go-redis/v9/timeseries_commands.go:813.20,815.4 1 0
github.com/redis/go-redis/v9/timeseries_commands.go:817.2,818.31 2 22
github.com/redis/go-redis/v9/timeseries_commands.go:818.31,820.3 1 22
github.com/redis/go-redis/v9/timeseries_commands.go:821.2,821.20 1 22
github.com/redis/go-redis/v9/timeseries_commands.go:821.20,822.34 1 22
github.com/redis/go-redis/v9/timeseries_commands.go:822.34,824.4 1 6
github.com/redis/go-redis/v9/timeseries_commands.go:825.3,825.29 1 22
github.com/redis/go-redis/v9/timeseries_commands.go:825.29,827.4 1 6
github.com/redis/go-redis/v9/timeseries_commands.go:829.2,831.12 3 22
github.com/redis/go-redis/v9/timeseries_commands.go:836.136,838.31 2 2
github.com/redis/go-redis/v9/timeseries_commands.go:838.31,840.3 1 2
github.com/redis/go-redis/v9/timeseries_commands.go:841.2,843.12 3 2
github.com/redis/go-redis/v9/timeseries_commands.go:852.173,854.20 2 22
github.com/redis/go-redis/v9/timeseries_commands.go:854.20,855.21 1 22
github.com/redis/go-redis/v9/timeseries_commands.go:855.21,857.4 1 2
github.com/redis/go-redis/v9/timeseries_commands.go:858.3,858.32 1 22
github.com/redis/go-redis/v9/timeseries_commands.go:858.32,860.41 2 2
github.com/redis/go-redis/v9/timeseries_commands.go:860.41,862.5 1 20
github.com/redis/go-redis/v9/timeseries_commands.go:864.3,864.35 1 22
github.com/redis/go-redis/v9/timeseries_commands.go:864.35,866.44 2 2
github.com/redis/go-redis/v9/timeseries_commands.go:866.44,868.5 1 4
github.com/redis/go-redis/v9/timeseries_commands.go:870.3,870.25 1 22
github.com/redis/go-redis/v9/timeseries_commands.go:870.25,872.4 1 2
github.com/redis/go-redis/v9/timeseries_commands.go:873.3,873.36 1 22
github.com/redis/go-redis/v9/timeseries_commands.go:873.36,876.4 2 2
github.com/redis/go-redis/v9/timeseries_commands.go:877.3,877.25 1 22
github.com/redis/go-redis/v9/timeseries_commands.go:877.25,879.4 1 2
github.com/redis/go-redis/v9/timeseries_commands.go:880.3,880.27 1 22
github.com/redis/go-redis/v9/timeseries_commands.go:880.27,882.4 1 4
github.com/redis/go-redis/v9/timeseries_commands.go:883.3,883.30 1 22
github.com/redis/go-redis/v9/timeseries_commands.go:883.30,885.4 1 6
github.com/redis/go-redis/v9/timeseries_commands.go:886.3,886.34 1 22
github.com/redis/go-redis/v9/timeseries_commands.go:886.34,888.4 1 6
github.com/redis/go-redis/v9/timeseries_commands.go:889.3,889.37 1 22
github.com/redis/go-redis/v9/timeseries_commands.go:889.37,891.4 1 0
github.com/redis/go-redis/v9/timeseries_commands.go:892.3,892.20 1 22
github.com/redis/go-redis/v9/timeseries_commands.go:892.20,894.4 1 0
github.com/redis/go-redis/v9/timeseries_commands.go:896.2,897.31 2 22
github.com/redis/go-redis/v9/timeseries_commands.go:897.31,899.3 1 22
github.com/redis/go-redis/v9/timeseries_commands.go:900.2,900.20 1 22
github.com/redis/go-redis/v9/timeseries_commands.go:900.20,901.34 1 22
github.com/redis/go-redis/v9/timeseries_commands.go:901.34,903.4 1 6
github.com/redis/go-redis/v9/timeseries_commands.go:904.3,904.29 1 22
github.com/redis/go-redis/v9/timeseries_commands.go:904.29,906.4 1 6
github.com/redis/go-redis/v9/timeseries_commands.go:908.2,910.12 3 22
github.com/redis/go-redis/v9/timeseries_commands.go:915.92,917.28 2 4
github.com/redis/go-redis/v9/timeseries_commands.go:917.28,919.3 1 4
github.com/redis/go-redis/v9/timeseries_commands.go:920.2,922.12 3 4
github.com/redis/go-redis/v9/timeseries_commands.go:929.124,931.20 2 4
github.com/redis/go-redis/v9/timeseries_commands.go:931.20,932.21 1 4
github.com/redis/go-redis/v9/timeseries_commands.go:932.21,934.4 1 2
github.com/redis/go-redis/v9/timeseries_commands.go:935.3,935.25 1 4
github.com/redis/go-redis/v9/timeseries_commands.go:935.25,937.4 1 2
github.com/redis/go-redis/v9/timeseries_commands.go:938.3,938.36 1 4
github.com/redis/go-redis/v9/timeseries_commands.go:938.36,941.4 2 0
github.com/redis/go-redis/v9/timeseries_commands.go:943.2,944.28 2 4
github.com/redis/go-redis/v9/timeseries_commands.go:944.28,946.3 1 4
github.com/redis/go-redis/v9/timeseries_commands.go:947.2,949.12 3 4
github.com/redis/go-redis/v9/tx.go:25.30,35.2 3 58941
github.com/redis/go-redis/v9/tx.go:37.21,47.2 3 58941
github.com/redis/go-redis/v9/tx.go:49.60,53.2 3 173801
github.com/redis/go-redis/v9/tx.go:59.87,62.19 3 58941
github.com/redis/go-redis/v9/tx.go:62.19,63.54 1 57933
github.com/redis/go-redis/v9/tx.go:63.54,65.4 1 4
github.com/redis/go-redis/v9/tx.go:67.2,67.15 1 58937
github.com/redis/go-redis/v9/tx.go:71.47,74.2 2 58941
github.com/redis/go-redis/v9/tx.go:78.68,81.27 3 57933
github.com/redis/go-redis/v9/tx.go:81.27,83.3 1 57935
github.com/redis/go-redis/v9/tx.go:84.2,86.12 3 57933
github.com/redis/go-redis/v9/tx.go:90.70,93.27 3 58941
github.com/redis/go-redis/v9/tx.go:93.27,95.3 1 0
github.com/redis/go-redis/v9/tx.go:96.2,98.12 3 58941
github.com/redis/go-redis/v9/tx.go:102.35,104.55 1 1000
github.com/redis/go-redis/v9/tx.go:104.55,106.4 1 1000
github.com/redis/go-redis/v9/tx.go:108.2,109.14 2 1000
github.com/redis/go-redis/v9/tx.go:114.88,116.2 1 1000
github.com/redis/go-redis/v9/tx.go:126.90,128.2 1 57934
github.com/redis/go-redis/v9/tx.go:131.37,133.55 1 57934
github.com/redis/go-redis/v9/tx.go:133.55,136.4 2 57932
github.com/redis/go-redis/v9/tx.go:138.2,139.14 2 57934
github.com/redis/go-redis/v9/tx.go:142.63,143.20 1 58077
github.com/redis/go-redis/v9/tx.go:143.20,144.23 1 0
github.com/redis/go-redis/v9/tx.go:146.2,150.17 5 58077
github.com/redis/go-redis/v9/universal.go:78.54,79.23 1 4
github.com/redis/go-redis/v9/universal.go:79.23,81.3 1 0
github.com/redis/go-redis/v9/universal.go:83.2,122.3 1 4
github.com/redis/go-redis/v9/universal.go:126.56,127.23 1 2
github.com/redis/go-redis/v9/universal.go:127.23,129.3 1 0
github.com/redis/go-redis/v9/universal.go:131.2,171.3 1 2
github.com/redis/go-redis/v9/universal.go:175.46,177.22 2 1
github.com/redis/go-redis/v9/universal.go:177.22,179.3 1 1
github.com/redis/go-redis/v9/universal.go:181.2,215.3 1 1
github.com/redis/go-redis/v9/universal.go:249.65,250.27 1 7
github.com/redis/go-redis/v9/universal.go:250.27,252.3 1 2
github.com/redis/go-redis/v9/universal.go:252.8,252.54 1 5
github.com/redis/go-redis/v9/universal.go:252.54,254.3 1 4
github.com/redis/go-redis/v9/universal.go:255.2,255.33 1 1
github.com/redis/go-redis/v9/version.go:4.23,6.2 1 2028
github.com/redis/go-redis/v9/internal/rand/rand.go:9.16,9.39 1 4
github.com/redis/go-redis/v9/internal/rand/rand.go:13.22,13.47 1 1998
github.com/redis/go-redis/v9/internal/rand/rand.go:17.28,17.55 1 26
github.com/redis/go-redis/v9/internal/rand/rand.go:20.24,20.49 1 437
github.com/redis/go-redis/v9/internal/rand/rand.go:25.20,25.38 1 0
github.com/redis/go-redis/v9/internal/rand/rand.go:34.32,39.2 4 4740
github.com/redis/go-redis/v9/internal/rand/rand.go:41.35,45.2 3 0
github.com/redis/go-redis/v9/internal/rand/rand.go:50.42,50.69 1 9
github.com/redis/go-redis/v9/internal/util/strconv.go:5.34,7.2 1 456185
github.com/redis/go-redis/v9/internal/util/strconv.go:9.63,11.2 1 122276
github.com/redis/go-redis/v9/internal/util/strconv.go:13.65,15.2 1 48
github.com/redis/go-redis/v9/internal/util/strconv.go:17.57,19.2 1 2
github.com/redis/go-redis/v9/internal/util/type.go:3.27,5.2 1 0
github.com/redis/go-redis/v9/internal/util/unsafe.go:10.37,12.2 1 751427
github.com/redis/go-redis/v9/internal/util/unsafe.go:15.37,22.2 1 963344
