mode: atomic
github.com/redis/go-redis/example/digest-optimistic-locking/main.go:12.13,22.44 4 0
github.com/redis/go-redis/example/digest-optimistic-locking/main.go:22.44,25.3 2 0
github.com/redis/go-redis/example/digest-optimistic-locking/main.go:27.2,60.61 23 0
github.com/redis/go-redis/example/digest-optimistic-locking/main.go:64.65,81.28 10 0
github.com/redis/go-redis/example/digest-optimistic-locking/main.go:81.28,83.3 1 0
github.com/redis/go-redis/example/digest-optimistic-locking/main.go:87.71,105.31 9 0
github.com/redis/go-redis/example/digest-optimistic-locking/main.go:105.31,107.3 1 0
github.com/redis/go-redis/example/digest-optimistic-locking/main.go:107.8,107.32 1 0
github.com/redis/go-redis/example/digest-optimistic-locking/main.go:107.32,109.3 1 0
github.com/redis/go-redis/example/digest-optimistic-locking/main.go:109.8,111.3 1 0
github.com/redis/go-redis/example/digest-optimistic-locking/main.go:114.2,117.31 3 0
github.com/redis/go-redis/example/digest-optimistic-locking/main.go:117.31,119.3 1 0
github.com/redis/go-redis/example/digest-optimistic-locking/main.go:123.67,141.31 10 0
github.com/redis/go-redis/example/digest-optimistic-locking/main.go:141.31,143.3 1 0
github.com/redis/go-redis/example/digest-optimistic-locking/main.go:143.8,143.32 1 0
github.com/redis/go-redis/example/digest-optimistic-locking/main.go:143.32,145.3 1 0
github.com/redis/go-redis/example/digest-optimistic-locking/main.go:145.8,147.3 1 0
github.com/redis/go-redis/example/digest-optimistic-locking/main.go:150.2,153.31 3 0
github.com/redis/go-redis/example/digest-optimistic-locking/main.go:153.31,155.3 1 0
github.com/redis/go-redis/example/digest-optimistic-locking/main.go:159.71,178.18 9 0
github.com/redis/go-redis/example/digest-optimistic-locking/main.go:178.18,180.3 1 0
github.com/redis/go-redis/example/digest-optimistic-locking/main.go:183.2,188.18 2 0
github.com/redis/go-redis/example/digest-optimistic-locking/main.go:188.18,190.3 1 0
github.com/redis/go-redis/example/digest-optimistic-locking/main.go:193.2,194.17 2 0
github.com/redis/go-redis/example/digest-optimistic-locking/main.go:194.17,196.3 1 0
github.com/redis/go-redis/example/digest-optimistic-locking/main.go:200.70,218.31 9 0
github.com/redis/go-redis/example/digest-optimistic-locking/main.go:218.31,222.3 3 0
github.com/redis/go-redis/example/digest-optimistic-locking/main.go:222.8,222.32 1 0
github.com/redis/go-redis/example/digest-optimistic-locking/main.go:222.32,224.3 1 0
github.com/redis/go-redis/example/digest-optimistic-locking/main.go:224.8,226.3 1 0
github.com/redis/go-redis/example/digest-optimistic-locking/main.go:229.2,241.33 8 0
github.com/redis/go-redis/example/digest-optimistic-locking/main.go:241.33,243.3 1 0
